2023-01-24 00:10:33 error: uncaughtException: ⨯ Unable to compile TypeScript:
src/routes/user.routes.ts(23,7): error TS1109: Expression expected.

Error: ⨯ Unable to compile TypeScript:
src/routes/user.routes.ts(23,7): error TS1109: Expression expected.

    at Object.<anonymous> (/home/rabindranath/Documents/Backend/yt-node-api-ts-oop/src/routes/user.routes.ts:1:7)
    at Module._compile (node:internal/modules/cjs/loader:1105:14)
    at Module._compile (/home/rabindranath/Documents/Backend/yt-node-api-ts-oop/node_modules/source-map-support/source-map-support.js:568:25)
    at Module.m._compile (/tmp/ts-node-dev-hook-569591426964509.js:69:33)
    at Module._extensions..js (node:internal/modules/cjs/loader:1159:10)
    at require.extensions..jsx.require.extensions..js (/tmp/ts-node-dev-hook-569591426964509.js:114:20)
    at require.extensions.<computed> (/tmp/ts-node-dev-hook-569591426964509.js:71:20)
    at Object.nodeDevHook [as .ts] (/home/rabindranath/Documents/Backend/yt-node-api-ts-oop/node_modules/ts-node-dev/lib/hook.js:63:13)
    at Module.load (node:internal/modules/cjs/loader:981:32)
    at Function.Module._load (node:internal/modules/cjs/loader:822:12)
2023-01-24 00:10:41 error: uncaughtException: ⨯ Unable to compile TypeScript:
src/routes/user.routes.ts(21,42): error TS6133: 'req' is declared but its value is never read.
src/routes/user.routes.ts(22,22): error TS2304: Cannot find name 're'.

Error: ⨯ Unable to compile TypeScript:
src/routes/user.routes.ts(21,42): error TS6133: 'req' is declared but its value is never read.
src/routes/user.routes.ts(22,22): error TS2304: Cannot find name 're'.

    at Object.<anonymous> (/home/rabindranath/Documents/Backend/yt-node-api-ts-oop/src/routes/user.routes.ts:1:7)
    at Module._compile (node:internal/modules/cjs/loader:1105:14)
    at Module._compile (/home/rabindranath/Documents/Backend/yt-node-api-ts-oop/node_modules/source-map-support/source-map-support.js:568:25)
    at Module.m._compile (/tmp/ts-node-dev-hook-569591426964509.js:69:33)
    at Module._extensions..js (node:internal/modules/cjs/loader:1159:10)
    at require.extensions..jsx.require.extensions..js (/tmp/ts-node-dev-hook-569591426964509.js:114:20)
    at require.extensions.<computed> (/tmp/ts-node-dev-hook-569591426964509.js:71:20)
    at Object.nodeDevHook [as .ts] (/home/rabindranath/Documents/Backend/yt-node-api-ts-oop/node_modules/ts-node-dev/lib/hook.js:63:13)
    at Module.load (node:internal/modules/cjs/loader:981:32)
    at Function.Module._load (node:internal/modules/cjs/loader:822:12)
2023-01-24 00:10:44 error: uncaughtException: ⨯ Unable to compile TypeScript:
src/routes/user.routes.ts(21,42): error TS6133: 'req' is declared but its value is never read.

Error: ⨯ Unable to compile TypeScript:
src/routes/user.routes.ts(21,42): error TS6133: 'req' is declared but its value is never read.

    at Object.<anonymous> (/home/rabindranath/Documents/Backend/yt-node-api-ts-oop/src/routes/user.routes.ts:1:7)
    at Module._compile (node:internal/modules/cjs/loader:1105:14)
    at Module._compile (/home/rabindranath/Documents/Backend/yt-node-api-ts-oop/node_modules/source-map-support/source-map-support.js:568:25)
    at Module.m._compile (/tmp/ts-node-dev-hook-569591426964509.js:69:33)
    at Module._extensions..js (node:internal/modules/cjs/loader:1159:10)
    at require.extensions..jsx.require.extensions..js (/tmp/ts-node-dev-hook-569591426964509.js:114:20)
    at require.extensions.<computed> (/tmp/ts-node-dev-hook-569591426964509.js:71:20)
    at Object.nodeDevHook [as .ts] (/home/rabindranath/Documents/Backend/yt-node-api-ts-oop/node_modules/ts-node-dev/lib/hook.js:63:13)
    at Module.load (node:internal/modules/cjs/loader:981:32)
    at Function.Module._load (node:internal/modules/cjs/loader:822:12)
2023-01-24 00:10:55 error: uncaughtException: ⨯ Unable to compile TypeScript:
src/routes/user.routes.ts(22,19): error TS1135: Argument expression expected.

Error: ⨯ Unable to compile TypeScript:
src/routes/user.routes.ts(22,19): error TS1135: Argument expression expected.

    at Object.<anonymous> (/home/rabindranath/Documents/Backend/yt-node-api-ts-oop/src/routes/user.routes.ts:1:7)
    at Module._compile (node:internal/modules/cjs/loader:1105:14)
    at Module._compile (/home/rabindranath/Documents/Backend/yt-node-api-ts-oop/node_modules/source-map-support/source-map-support.js:568:25)
    at Module.m._compile (/tmp/ts-node-dev-hook-569591426964509.js:69:33)
    at Module._extensions..js (node:internal/modules/cjs/loader:1159:10)
    at require.extensions..jsx.require.extensions..js (/tmp/ts-node-dev-hook-569591426964509.js:114:20)
    at require.extensions.<computed> (/tmp/ts-node-dev-hook-569591426964509.js:71:20)
    at Object.nodeDevHook [as .ts] (/home/rabindranath/Documents/Backend/yt-node-api-ts-oop/node_modules/ts-node-dev/lib/hook.js:63:13)
    at Module.load (node:internal/modules/cjs/loader:981:32)
    at Function.Module._load (node:internal/modules/cjs/loader:822:12)
2023-01-24 00:12:40 error: uncaughtException: ⨯ Unable to compile TypeScript:
src/routes/user.routes.ts(26,9): error TS2304: Cannot find name 'userId'.

Error: ⨯ Unable to compile TypeScript:
src/routes/user.routes.ts(26,9): error TS2304: Cannot find name 'userId'.

    at Object.<anonymous> (/home/rabindranath/Documents/Backend/yt-node-api-ts-oop/src/routes/user.routes.ts:1:7)
    at Module._compile (node:internal/modules/cjs/loader:1105:14)
    at Module._compile (/home/rabindranath/Documents/Backend/yt-node-api-ts-oop/node_modules/source-map-support/source-map-support.js:568:25)
    at Module.m._compile (/tmp/ts-node-dev-hook-569591426964509.js:69:33)
    at Module._extensions..js (node:internal/modules/cjs/loader:1159:10)
    at require.extensions..jsx.require.extensions..js (/tmp/ts-node-dev-hook-569591426964509.js:114:20)
    at require.extensions.<computed> (/tmp/ts-node-dev-hook-569591426964509.js:71:20)
    at Object.nodeDevHook [as .ts] (/home/rabindranath/Documents/Backend/yt-node-api-ts-oop/node_modules/ts-node-dev/lib/hook.js:63:13)
    at Module.load (node:internal/modules/cjs/loader:981:32)
    at Function.Module._load (node:internal/modules/cjs/loader:822:12)
2023-01-24 00:13:00 error: uncaughtException: ⨯ Unable to compile TypeScript:
src/routes/user.routes.ts(26,9): error TS2304: Cannot find name 'id'.
src/routes/user.routes.ts(23,20): error TS1003: Identifier expected.

Error: ⨯ Unable to compile TypeScript:
src/routes/user.routes.ts(26,9): error TS2304: Cannot find name 'id'.
src/routes/user.routes.ts(23,20): error TS1003: Identifier expected.

    at Object.<anonymous> (/home/rabindranath/Documents/Backend/yt-node-api-ts-oop/src/routes/user.routes.ts:1:7)
    at Module._compile (node:internal/modules/cjs/loader:1105:14)
    at Module._compile (/home/rabindranath/Documents/Backend/yt-node-api-ts-oop/node_modules/source-map-support/source-map-support.js:568:25)
    at Module.m._compile (/tmp/ts-node-dev-hook-569591426964509.js:69:33)
    at Module._extensions..js (node:internal/modules/cjs/loader:1159:10)
    at require.extensions..jsx.require.extensions..js (/tmp/ts-node-dev-hook-569591426964509.js:114:20)
    at require.extensions.<computed> (/tmp/ts-node-dev-hook-569591426964509.js:71:20)
    at Object.nodeDevHook [as .ts] (/home/rabindranath/Documents/Backend/yt-node-api-ts-oop/node_modules/ts-node-dev/lib/hook.js:63:13)
    at Module.load (node:internal/modules/cjs/loader:981:32)
    at Function.Module._load (node:internal/modules/cjs/loader:822:12)
2023-01-24 00:13:05 error: uncaughtException: ⨯ Unable to compile TypeScript:
src/routes/user.routes.ts(26,9): error TS2304: Cannot find name 'id'.

Error: ⨯ Unable to compile TypeScript:
src/routes/user.routes.ts(26,9): error TS2304: Cannot find name 'id'.

    at Object.<anonymous> (/home/rabindranath/Documents/Backend/yt-node-api-ts-oop/src/routes/user.routes.ts:1:7)
    at Module._compile (node:internal/modules/cjs/loader:1105:14)
    at Module._compile (/home/rabindranath/Documents/Backend/yt-node-api-ts-oop/node_modules/source-map-support/source-map-support.js:568:25)
    at Module.m._compile (/tmp/ts-node-dev-hook-569591426964509.js:69:33)
    at Module._extensions..js (node:internal/modules/cjs/loader:1159:10)
    at require.extensions..jsx.require.extensions..js (/tmp/ts-node-dev-hook-569591426964509.js:114:20)
    at require.extensions.<computed> (/tmp/ts-node-dev-hook-569591426964509.js:71:20)
    at Object.nodeDevHook [as .ts] (/home/rabindranath/Documents/Backend/yt-node-api-ts-oop/node_modules/ts-node-dev/lib/hook.js:63:13)
    at Module.load (node:internal/modules/cjs/loader:981:32)
    at Function.Module._load (node:internal/modules/cjs/loader:822:12)
2023-01-24 00:15:10 error: uncaughtException: ⨯ Unable to compile TypeScript:
src/routes/user.routes.ts(38,9): error TS2304: Cannot find name 'userId'.

Error: ⨯ Unable to compile TypeScript:
src/routes/user.routes.ts(38,9): error TS2304: Cannot find name 'userId'.

    at Object.<anonymous> (/home/rabindranath/Documents/Backend/yt-node-api-ts-oop/src/routes/user.routes.ts:1:7)
    at Module._compile (node:internal/modules/cjs/loader:1105:14)
    at Module._compile (/home/rabindranath/Documents/Backend/yt-node-api-ts-oop/node_modules/source-map-support/source-map-support.js:568:25)
    at Module.m._compile (/tmp/ts-node-dev-hook-569591426964509.js:69:33)
    at Module._extensions..js (node:internal/modules/cjs/loader:1159:10)
    at require.extensions..jsx.require.extensions..js (/tmp/ts-node-dev-hook-569591426964509.js:114:20)
    at require.extensions.<computed> (/tmp/ts-node-dev-hook-569591426964509.js:71:20)
    at Object.nodeDevHook [as .ts] (/home/rabindranath/Documents/Backend/yt-node-api-ts-oop/node_modules/ts-node-dev/lib/hook.js:63:13)
    at Module.load (node:internal/modules/cjs/loader:981:32)
    at Function.Module._load (node:internal/modules/cjs/loader:822:12)
2023-01-24 00:21:17 error: uncaughtException: ⨯ Unable to compile TypeScript:
src/routes/user.routes.ts(35,13): error TS1182: A destructuring declaration must have an initializer.

Error: ⨯ Unable to compile TypeScript:
src/routes/user.routes.ts(35,13): error TS1182: A destructuring declaration must have an initializer.

    at Object.<anonymous> (/home/rabindranath/Documents/Backend/yt-node-api-ts-oop/src/routes/user.routes.ts:1:7)
    at Module._compile (node:internal/modules/cjs/loader:1105:14)
    at Module._compile (/home/rabindranath/Documents/Backend/yt-node-api-ts-oop/node_modules/source-map-support/source-map-support.js:568:25)
    at Module.m._compile (/tmp/ts-node-dev-hook-16542124512483158.js:69:33)
    at Module._extensions..js (node:internal/modules/cjs/loader:1159:10)
    at require.extensions..jsx.require.extensions..js (/tmp/ts-node-dev-hook-16542124512483158.js:114:20)
    at require.extensions.<computed> (/tmp/ts-node-dev-hook-16542124512483158.js:71:20)
    at Object.nodeDevHook [as .ts] (/home/rabindranath/Documents/Backend/yt-node-api-ts-oop/node_modules/ts-node-dev/lib/hook.js:63:13)
    at Module.load (node:internal/modules/cjs/loader:981:32)
    at Function.Module._load (node:internal/modules/cjs/loader:822:12)
2023-01-24 00:21:45 error: uncaughtException: ⨯ Unable to compile TypeScript:
src/routes/user.routes.ts(48,13): error TS1182: A destructuring declaration must have an initializer.

Error: ⨯ Unable to compile TypeScript:
src/routes/user.routes.ts(48,13): error TS1182: A destructuring declaration must have an initializer.

    at Object.<anonymous> (/home/rabindranath/Documents/Backend/yt-node-api-ts-oop/src/routes/user.routes.ts:1:7)
    at Module._compile (node:internal/modules/cjs/loader:1105:14)
    at Module._compile (/home/rabindranath/Documents/Backend/yt-node-api-ts-oop/node_modules/source-map-support/source-map-support.js:568:25)
    at Module.m._compile (/tmp/ts-node-dev-hook-16542124512483158.js:69:33)
    at Module._extensions..js (node:internal/modules/cjs/loader:1159:10)
    at require.extensions..jsx.require.extensions..js (/tmp/ts-node-dev-hook-16542124512483158.js:114:20)
    at require.extensions.<computed> (/tmp/ts-node-dev-hook-16542124512483158.js:71:20)
    at Object.nodeDevHook [as .ts] (/home/rabindranath/Documents/Backend/yt-node-api-ts-oop/node_modules/ts-node-dev/lib/hook.js:63:13)
    at Module.load (node:internal/modules/cjs/loader:981:32)
    at Function.Module._load (node:internal/modules/cjs/loader:822:12)
2023-01-24 00:22:03 error: uncaughtException: ⨯ Unable to compile TypeScript:
src/routes/user.routes.ts(51,13): error TS1182: A destructuring declaration must have an initializer.

Error: ⨯ Unable to compile TypeScript:
src/routes/user.routes.ts(51,13): error TS1182: A destructuring declaration must have an initializer.

    at Object.<anonymous> (/home/rabindranath/Documents/Backend/yt-node-api-ts-oop/src/routes/user.routes.ts:1:7)
    at Module._compile (node:internal/modules/cjs/loader:1105:14)
    at Module._compile (/home/rabindranath/Documents/Backend/yt-node-api-ts-oop/node_modules/source-map-support/source-map-support.js:568:25)
    at Module.m._compile (/tmp/ts-node-dev-hook-16542124512483158.js:69:33)
    at Module._extensions..js (node:internal/modules/cjs/loader:1159:10)
    at require.extensions..jsx.require.extensions..js (/tmp/ts-node-dev-hook-16542124512483158.js:114:20)
    at require.extensions.<computed> (/tmp/ts-node-dev-hook-16542124512483158.js:71:20)
    at Object.nodeDevHook [as .ts] (/home/rabindranath/Documents/Backend/yt-node-api-ts-oop/node_modules/ts-node-dev/lib/hook.js:63:13)
    at Module.load (node:internal/modules/cjs/loader:981:32)
    at Function.Module._load (node:internal/modules/cjs/loader:822:12)
2023-01-24 00:22:10 error: uncaughtException: ⨯ Unable to compile TypeScript:
src/routes/user.routes.ts(51,13): error TS1182: A destructuring declaration must have an initializer.
src/routes/user.routes.ts(51,21): error TS7031: Binding element 'updateUse' implicitly has an 'any' type.

Error: ⨯ Unable to compile TypeScript:
src/routes/user.routes.ts(51,13): error TS1182: A destructuring declaration must have an initializer.
src/routes/user.routes.ts(51,21): error TS7031: Binding element 'updateUse' implicitly has an 'any' type.

    at Object.<anonymous> (/home/rabindranath/Documents/Backend/yt-node-api-ts-oop/src/routes/user.routes.ts:1:7)
    at Module._compile (node:internal/modules/cjs/loader:1105:14)
    at Module._compile (/home/rabindranath/Documents/Backend/yt-node-api-ts-oop/node_modules/source-map-support/source-map-support.js:568:25)
    at Module.m._compile (/tmp/ts-node-dev-hook-16542124512483158.js:69:33)
    at Module._extensions..js (node:internal/modules/cjs/loader:1159:10)
    at require.extensions..jsx.require.extensions..js (/tmp/ts-node-dev-hook-16542124512483158.js:114:20)
    at require.extensions.<computed> (/tmp/ts-node-dev-hook-16542124512483158.js:71:20)
    at Object.nodeDevHook [as .ts] (/home/rabindranath/Documents/Backend/yt-node-api-ts-oop/node_modules/ts-node-dev/lib/hook.js:63:13)
    at Module.load (node:internal/modules/cjs/loader:981:32)
    at Function.Module._load (node:internal/modules/cjs/loader:822:12)
2023-01-24 00:22:16 error: uncaughtException: ⨯ Unable to compile TypeScript:
src/routes/user.routes.ts(51,13): error TS1182: A destructuring declaration must have an initializer.
src/routes/user.routes.ts(51,21): error TS7031: Binding element 'userBody' implicitly has an 'any' type.

Error: ⨯ Unable to compile TypeScript:
src/routes/user.routes.ts(51,13): error TS1182: A destructuring declaration must have an initializer.
src/routes/user.routes.ts(51,21): error TS7031: Binding element 'userBody' implicitly has an 'any' type.

    at Object.<anonymous> (/home/rabindranath/Documents/Backend/yt-node-api-ts-oop/src/routes/user.routes.ts:1:7)
    at Module._compile (node:internal/modules/cjs/loader:1105:14)
    at Module._compile (/home/rabindranath/Documents/Backend/yt-node-api-ts-oop/node_modules/source-map-support/source-map-support.js:568:25)
    at Module.m._compile (/tmp/ts-node-dev-hook-16542124512483158.js:69:33)
    at Module._extensions..js (node:internal/modules/cjs/loader:1159:10)
    at require.extensions..jsx.require.extensions..js (/tmp/ts-node-dev-hook-16542124512483158.js:114:20)
    at require.extensions.<computed> (/tmp/ts-node-dev-hook-16542124512483158.js:71:20)
    at Object.nodeDevHook [as .ts] (/home/rabindranath/Documents/Backend/yt-node-api-ts-oop/node_modules/ts-node-dev/lib/hook.js:63:13)
    at Module.load (node:internal/modules/cjs/loader:981:32)
    at Function.Module._load (node:internal/modules/cjs/loader:822:12)
2023-01-24 01:34:31 error: uncaughtException: Error trying to connect with MYSQL
Error: Error trying to connect with MYSQL
    at mySqlConnection (/home/rabindranath/Documents/Backend/yt-node-api-ts-oop/src/db/mysql.config.ts:15:11)
    at processTicksAndRejections (node:internal/process/task_queues:96:5)
2023-01-24 01:34:36 error: uncaughtException: write EPIPE
Error: write EPIPE
    at process.target._send (node:internal/child_process:866:20)
    at process.target.send (node:internal/child_process:739:19)
    at Object.exports.send (/home/rabindranath/Documents/Backend/yt-node-api-ts-oop/node_modules/ts-node-dev/lib/ipc.js:17:14)
    at /home/rabindranath/Documents/Backend/yt-node-api-ts-oop/node_modules/ts-node-dev/lib/wrap.js:88:9
    at Object.nodeDevHook [as .js] (/home/rabindranath/Documents/Backend/yt-node-api-ts-oop/node_modules/ts-node-dev/lib/hook.js:61:17)
    at Module.load (node:internal/modules/cjs/loader:981:32)
    at Function.Module._load (node:internal/modules/cjs/loader:822:12)
    at Module.require (node:internal/modules/cjs/loader:1005:19)
    at require (node:internal/modules/cjs/helpers:102:18)
    at Object.<anonymous> (/home/rabindranath/Documents/Backend/yt-node-api-ts-oop/src/data-source/DataSource.ts:7:1)
2023-01-24 01:34:37 error: uncaughtException: Error trying to connect with MYSQL
Error: Error trying to connect with MYSQL
    at mySqlConnection (/home/rabindranath/Documents/Backend/yt-node-api-ts-oop/src/db/mysql.config.ts:15:11)
    at processTicksAndRejections (node:internal/process/task_queues:96:5)
2023-01-24 01:34:53 error: uncaughtException: Error trying to connect with MYSQL
Error: Error trying to connect with MYSQL
    at mySqlConnection (/home/rabindranath/Documents/Backend/yt-node-api-ts-oop/src/db/mysql.config.ts:15:11)
    at processTicksAndRejections (node:internal/process/task_queues:96:5)
2023-01-24 19:54:32 error: uncaughtException: ⨯ Unable to compile TypeScript:
src/user/user.controller.ts(13,12): error TS2555: Expected at least 1 arguments, but got 0.

Error: ⨯ Unable to compile TypeScript:
src/user/user.controller.ts(13,12): error TS2555: Expected at least 1 arguments, but got 0.

    at Object.<anonymous> (/home/rabindranath/Documents/Backend/yt-node-api-ts-oop/src/user/user.controller.ts:1:7)
    at Module._compile (node:internal/modules/cjs/loader:1105:14)
    at Module._compile (/home/rabindranath/Documents/Backend/yt-node-api-ts-oop/node_modules/source-map-support/source-map-support.js:568:25)
    at Module.m._compile (/tmp/ts-node-dev-hook-6908700792218534.js:69:33)
    at Module._extensions..js (node:internal/modules/cjs/loader:1159:10)
    at require.extensions..jsx.require.extensions..js (/tmp/ts-node-dev-hook-6908700792218534.js:114:20)
    at require.extensions.<computed> (/tmp/ts-node-dev-hook-6908700792218534.js:71:20)
    at Object.nodeDevHook [as .ts] (/home/rabindranath/Documents/Backend/yt-node-api-ts-oop/node_modules/ts-node-dev/lib/hook.js:63:13)
    at Module.load (node:internal/modules/cjs/loader:981:32)
    at Function.Module._load (node:internal/modules/cjs/loader:822:12)
2023-01-24 19:54:42 error: uncaughtException: ⨯ Unable to compile TypeScript:
src/user/user.controller.ts(13,20): error TS1109: Expression expected.

Error: ⨯ Unable to compile TypeScript:
src/user/user.controller.ts(13,20): error TS1109: Expression expected.

    at Object.<anonymous> (/home/rabindranath/Documents/Backend/yt-node-api-ts-oop/src/user/user.controller.ts:1:7)
    at Module._compile (node:internal/modules/cjs/loader:1105:14)
    at Module._compile (/home/rabindranath/Documents/Backend/yt-node-api-ts-oop/node_modules/source-map-support/source-map-support.js:568:25)
    at Module.m._compile (/tmp/ts-node-dev-hook-6908700792218534.js:69:33)
    at Module._extensions..js (node:internal/modules/cjs/loader:1159:10)
    at require.extensions..jsx.require.extensions..js (/tmp/ts-node-dev-hook-6908700792218534.js:114:20)
    at require.extensions.<computed> (/tmp/ts-node-dev-hook-6908700792218534.js:71:20)
    at Object.nodeDevHook [as .ts] (/home/rabindranath/Documents/Backend/yt-node-api-ts-oop/node_modules/ts-node-dev/lib/hook.js:63:13)
    at Module.load (node:internal/modules/cjs/loader:981:32)
    at Function.Module._load (node:internal/modules/cjs/loader:822:12)
2023-01-24 19:56:02 error: uncaughtException: ⨯ Unable to compile TypeScript:
src/user/user.controller.ts(18,33): error TS1005: '=>' expected.

Error: ⨯ Unable to compile TypeScript:
src/user/user.controller.ts(18,33): error TS1005: '=>' expected.

    at Object.<anonymous> (/home/rabindranath/Documents/Backend/yt-node-api-ts-oop/src/user/user.controller.ts:1:7)
    at Module._compile (node:internal/modules/cjs/loader:1105:14)
    at Module._compile (/home/rabindranath/Documents/Backend/yt-node-api-ts-oop/node_modules/source-map-support/source-map-support.js:568:25)
    at Module.m._compile (/tmp/ts-node-dev-hook-6908700792218534.js:69:33)
    at Module._extensions..js (node:internal/modules/cjs/loader:1159:10)
    at require.extensions..jsx.require.extensions..js (/tmp/ts-node-dev-hook-6908700792218534.js:114:20)
    at require.extensions.<computed> (/tmp/ts-node-dev-hook-6908700792218534.js:71:20)
    at Object.nodeDevHook [as .ts] (/home/rabindranath/Documents/Backend/yt-node-api-ts-oop/node_modules/ts-node-dev/lib/hook.js:63:13)
    at Module.load (node:internal/modules/cjs/loader:981:32)
    at Function.Module._load (node:internal/modules/cjs/loader:822:12)
2023-01-24 19:56:13 error: uncaughtException: ⨯ Unable to compile TypeScript:
src/user/user.controller.ts(18,46): error TS6133: 'res' is declared but its value is never read.

Error: ⨯ Unable to compile TypeScript:
src/user/user.controller.ts(18,46): error TS6133: 'res' is declared but its value is never read.

    at Object.<anonymous> (/home/rabindranath/Documents/Backend/yt-node-api-ts-oop/src/user/user.controller.ts:1:7)
    at Module._compile (node:internal/modules/cjs/loader:1105:14)
    at Module._compile (/home/rabindranath/Documents/Backend/yt-node-api-ts-oop/node_modules/source-map-support/source-map-support.js:568:25)
    at Module.m._compile (/tmp/ts-node-dev-hook-6908700792218534.js:69:33)
    at Module._extensions..js (node:internal/modules/cjs/loader:1159:10)
    at require.extensions..jsx.require.extensions..js (/tmp/ts-node-dev-hook-6908700792218534.js:114:20)
    at require.extensions.<computed> (/tmp/ts-node-dev-hook-6908700792218534.js:71:20)
    at Object.nodeDevHook [as .ts] (/home/rabindranath/Documents/Backend/yt-node-api-ts-oop/node_modules/ts-node-dev/lib/hook.js:63:13)
    at Module.load (node:internal/modules/cjs/loader:981:32)
    at Function.Module._load (node:internal/modules/cjs/loader:822:12)
2023-01-24 19:56:22 error: uncaughtException: ⨯ Unable to compile TypeScript:
src/user/user.controller.ts(18,46): error TS6133: 'res' is declared but its value is never read.

Error: ⨯ Unable to compile TypeScript:
src/user/user.controller.ts(18,46): error TS6133: 'res' is declared but its value is never read.

    at Object.<anonymous> (/home/rabindranath/Documents/Backend/yt-node-api-ts-oop/src/user/user.controller.ts:1:7)
    at Module._compile (node:internal/modules/cjs/loader:1105:14)
    at Module._compile (/home/rabindranath/Documents/Backend/yt-node-api-ts-oop/node_modules/source-map-support/source-map-support.js:568:25)
    at Module.m._compile (/tmp/ts-node-dev-hook-6908700792218534.js:69:33)
    at Module._extensions..js (node:internal/modules/cjs/loader:1159:10)
    at require.extensions..jsx.require.extensions..js (/tmp/ts-node-dev-hook-6908700792218534.js:114:20)
    at require.extensions.<computed> (/tmp/ts-node-dev-hook-6908700792218534.js:71:20)
    at Object.nodeDevHook [as .ts] (/home/rabindranath/Documents/Backend/yt-node-api-ts-oop/node_modules/ts-node-dev/lib/hook.js:63:13)
    at Module.load (node:internal/modules/cjs/loader:981:32)
    at Function.Module._load (node:internal/modules/cjs/loader:822:12)
2023-01-24 19:56:27 error: uncaughtException: ⨯ Unable to compile TypeScript:
src/user/user.controller.ts(18,46): error TS6133: 'res' is declared but its value is never read.

Error: ⨯ Unable to compile TypeScript:
src/user/user.controller.ts(18,46): error TS6133: 'res' is declared but its value is never read.

    at Object.<anonymous> (/home/rabindranath/Documents/Backend/yt-node-api-ts-oop/src/user/user.controller.ts:1:7)
    at Module._compile (node:internal/modules/cjs/loader:1105:14)
    at Module._compile (/home/rabindranath/Documents/Backend/yt-node-api-ts-oop/node_modules/source-map-support/source-map-support.js:568:25)
    at Module.m._compile (/tmp/ts-node-dev-hook-6908700792218534.js:69:33)
    at Module._extensions..js (node:internal/modules/cjs/loader:1159:10)
    at require.extensions..jsx.require.extensions..js (/tmp/ts-node-dev-hook-6908700792218534.js:114:20)
    at require.extensions.<computed> (/tmp/ts-node-dev-hook-6908700792218534.js:71:20)
    at Object.nodeDevHook [as .ts] (/home/rabindranath/Documents/Backend/yt-node-api-ts-oop/node_modules/ts-node-dev/lib/hook.js:63:13)
    at Module.load (node:internal/modules/cjs/loader:981:32)
    at Function.Module._load (node:internal/modules/cjs/loader:822:12)
2023-01-24 19:56:40 error: uncaughtException: ⨯ Unable to compile TypeScript:
src/user/user.controller.ts(18,46): error TS6133: 'res' is declared but its value is never read.

Error: ⨯ Unable to compile TypeScript:
src/user/user.controller.ts(18,46): error TS6133: 'res' is declared but its value is never read.

    at Object.<anonymous> (/home/rabindranath/Documents/Backend/yt-node-api-ts-oop/src/user/user.controller.ts:1:7)
    at Module._compile (node:internal/modules/cjs/loader:1105:14)
    at Module._compile (/home/rabindranath/Documents/Backend/yt-node-api-ts-oop/node_modules/source-map-support/source-map-support.js:568:25)
    at Module.m._compile (/tmp/ts-node-dev-hook-6908700792218534.js:69:33)
    at Module._extensions..js (node:internal/modules/cjs/loader:1159:10)
    at require.extensions..jsx.require.extensions..js (/tmp/ts-node-dev-hook-6908700792218534.js:114:20)
    at require.extensions.<computed> (/tmp/ts-node-dev-hook-6908700792218534.js:71:20)
    at Object.nodeDevHook [as .ts] (/home/rabindranath/Documents/Backend/yt-node-api-ts-oop/node_modules/ts-node-dev/lib/hook.js:63:13)
    at Module.load (node:internal/modules/cjs/loader:981:32)
    at Function.Module._load (node:internal/modules/cjs/loader:822:12)
2023-01-24 19:56:51 error: uncaughtException: ⨯ Unable to compile TypeScript:
src/user/user.controller.ts(18,46): error TS6133: 'res' is declared but its value is never read.

Error: ⨯ Unable to compile TypeScript:
src/user/user.controller.ts(18,46): error TS6133: 'res' is declared but its value is never read.

    at Object.<anonymous> (/home/rabindranath/Documents/Backend/yt-node-api-ts-oop/src/user/user.controller.ts:1:7)
    at Module._compile (node:internal/modules/cjs/loader:1105:14)
    at Module._compile (/home/rabindranath/Documents/Backend/yt-node-api-ts-oop/node_modules/source-map-support/source-map-support.js:568:25)
    at Module.m._compile (/tmp/ts-node-dev-hook-6908700792218534.js:69:33)
    at Module._extensions..js (node:internal/modules/cjs/loader:1159:10)
    at require.extensions..jsx.require.extensions..js (/tmp/ts-node-dev-hook-6908700792218534.js:114:20)
    at require.extensions.<computed> (/tmp/ts-node-dev-hook-6908700792218534.js:71:20)
    at Object.nodeDevHook [as .ts] (/home/rabindranath/Documents/Backend/yt-node-api-ts-oop/node_modules/ts-node-dev/lib/hook.js:63:13)
    at Module.load (node:internal/modules/cjs/loader:981:32)
    at Function.Module._load (node:internal/modules/cjs/loader:822:12)
2023-01-24 19:56:55 error: uncaughtException: ⨯ Unable to compile TypeScript:
src/user/user.controller.ts(18,46): error TS6133: 'res' is declared but its value is never read.

Error: ⨯ Unable to compile TypeScript:
src/user/user.controller.ts(18,46): error TS6133: 'res' is declared but its value is never read.

    at Object.<anonymous> (/home/rabindranath/Documents/Backend/yt-node-api-ts-oop/src/user/user.controller.ts:1:7)
    at Module._compile (node:internal/modules/cjs/loader:1105:14)
    at Module._compile (/home/rabindranath/Documents/Backend/yt-node-api-ts-oop/node_modules/source-map-support/source-map-support.js:568:25)
    at Module.m._compile (/tmp/ts-node-dev-hook-6908700792218534.js:69:33)
    at Module._extensions..js (node:internal/modules/cjs/loader:1159:10)
    at require.extensions..jsx.require.extensions..js (/tmp/ts-node-dev-hook-6908700792218534.js:114:20)
    at require.extensions.<computed> (/tmp/ts-node-dev-hook-6908700792218534.js:71:20)
    at Object.nodeDevHook [as .ts] (/home/rabindranath/Documents/Backend/yt-node-api-ts-oop/node_modules/ts-node-dev/lib/hook.js:63:13)
    at Module.load (node:internal/modules/cjs/loader:981:32)
    at Function.Module._load (node:internal/modules/cjs/loader:822:12)
2023-01-24 19:57:15 error: uncaughtException: ⨯ Unable to compile TypeScript:
src/user/user.controller.ts(18,46): error TS6133: 'res' is declared but its value is never read.
src/user/user.controller.ts(23,45): error TS6133: 'res' is declared but its value is never read.

Error: ⨯ Unable to compile TypeScript:
src/user/user.controller.ts(18,46): error TS6133: 'res' is declared but its value is never read.
src/user/user.controller.ts(23,45): error TS6133: 'res' is declared but its value is never read.

    at Object.<anonymous> (/home/rabindranath/Documents/Backend/yt-node-api-ts-oop/src/user/user.controller.ts:1:7)
    at Module._compile (node:internal/modules/cjs/loader:1105:14)
    at Module._compile (/home/rabindranath/Documents/Backend/yt-node-api-ts-oop/node_modules/source-map-support/source-map-support.js:568:25)
    at Module.m._compile (/tmp/ts-node-dev-hook-6908700792218534.js:69:33)
    at Module._extensions..js (node:internal/modules/cjs/loader:1159:10)
    at require.extensions..jsx.require.extensions..js (/tmp/ts-node-dev-hook-6908700792218534.js:114:20)
    at require.extensions.<computed> (/tmp/ts-node-dev-hook-6908700792218534.js:71:20)
    at Object.nodeDevHook [as .ts] (/home/rabindranath/Documents/Backend/yt-node-api-ts-oop/node_modules/ts-node-dev/lib/hook.js:63:13)
    at Module.load (node:internal/modules/cjs/loader:981:32)
    at Function.Module._load (node:internal/modules/cjs/loader:822:12)
2023-01-24 19:57:21 error: uncaughtException: ⨯ Unable to compile TypeScript:
src/user/user.controller.ts(18,46): error TS6133: 'res' is declared but its value is never read.
src/user/user.controller.ts(23,45): error TS6133: 'res' is declared but its value is never read.
src/user/user.controller.ts(28,49): error TS6133: 'res' is declared but its value is never read.

Error: ⨯ Unable to compile TypeScript:
src/user/user.controller.ts(18,46): error TS6133: 'res' is declared but its value is never read.
src/user/user.controller.ts(23,45): error TS6133: 'res' is declared but its value is never read.
src/user/user.controller.ts(28,49): error TS6133: 'res' is declared but its value is never read.

    at Object.<anonymous> (/home/rabindranath/Documents/Backend/yt-node-api-ts-oop/src/user/user.controller.ts:1:7)
    at Module._compile (node:internal/modules/cjs/loader:1105:14)
    at Module._compile (/home/rabindranath/Documents/Backend/yt-node-api-ts-oop/node_modules/source-map-support/source-map-support.js:568:25)
    at Module.m._compile (/tmp/ts-node-dev-hook-6908700792218534.js:69:33)
    at Module._extensions..js (node:internal/modules/cjs/loader:1159:10)
    at require.extensions..jsx.require.extensions..js (/tmp/ts-node-dev-hook-6908700792218534.js:114:20)
    at require.extensions.<computed> (/tmp/ts-node-dev-hook-6908700792218534.js:71:20)
    at Object.nodeDevHook [as .ts] (/home/rabindranath/Documents/Backend/yt-node-api-ts-oop/node_modules/ts-node-dev/lib/hook.js:63:13)
    at Module.load (node:internal/modules/cjs/loader:981:32)
    at Function.Module._load (node:internal/modules/cjs/loader:822:12)
2023-01-24 19:57:26 error: uncaughtException: ⨯ Unable to compile TypeScript:
src/user/user.controller.ts(18,46): error TS6133: 'res' is declared but its value is never read.
src/user/user.controller.ts(23,45): error TS6133: 'res' is declared but its value is never read.
src/user/user.controller.ts(28,49): error TS6133: 'res' is declared but its value is never read.
src/user/user.controller.ts(33,49): error TS6133: 'res' is declared but its value is never read.

Error: ⨯ Unable to compile TypeScript:
src/user/user.controller.ts(18,46): error TS6133: 'res' is declared but its value is never read.
src/user/user.controller.ts(23,45): error TS6133: 'res' is declared but its value is never read.
src/user/user.controller.ts(28,49): error TS6133: 'res' is declared but its value is never read.
src/user/user.controller.ts(33,49): error TS6133: 'res' is declared but its value is never read.

    at Object.<anonymous> (/home/rabindranath/Documents/Backend/yt-node-api-ts-oop/src/user/user.controller.ts:1:7)
    at Module._compile (node:internal/modules/cjs/loader:1105:14)
    at Module._compile (/home/rabindranath/Documents/Backend/yt-node-api-ts-oop/node_modules/source-map-support/source-map-support.js:568:25)
    at Module.m._compile (/tmp/ts-node-dev-hook-6908700792218534.js:69:33)
    at Module._extensions..js (node:internal/modules/cjs/loader:1159:10)
    at require.extensions..jsx.require.extensions..js (/tmp/ts-node-dev-hook-6908700792218534.js:114:20)
    at require.extensions.<computed> (/tmp/ts-node-dev-hook-6908700792218534.js:71:20)
    at Object.nodeDevHook [as .ts] (/home/rabindranath/Documents/Backend/yt-node-api-ts-oop/node_modules/ts-node-dev/lib/hook.js:63:13)
    at Module.load (node:internal/modules/cjs/loader:981:32)
    at Function.Module._load (node:internal/modules/cjs/loader:822:12)
2023-01-24 19:57:37 error: uncaughtException: ⨯ Unable to compile TypeScript:
src/routes/user.routes.ts(22,56): error TS6133: 'res' is declared but its value is never read.

Error: ⨯ Unable to compile TypeScript:
src/routes/user.routes.ts(22,56): error TS6133: 'res' is declared but its value is never read.

    at Object.<anonymous> (/home/rabindranath/Documents/Backend/yt-node-api-ts-oop/src/routes/user.routes.ts:1:7)
    at Module._compile (node:internal/modules/cjs/loader:1105:14)
    at Module._compile (/home/rabindranath/Documents/Backend/yt-node-api-ts-oop/node_modules/source-map-support/source-map-support.js:568:25)
    at Module.m._compile (/tmp/ts-node-dev-hook-6908700792218534.js:69:33)
    at Module._extensions..js (node:internal/modules/cjs/loader:1159:10)
    at require.extensions..jsx.require.extensions..js (/tmp/ts-node-dev-hook-6908700792218534.js:114:20)
    at require.extensions.<computed> (/tmp/ts-node-dev-hook-6908700792218534.js:71:20)
    at Object.nodeDevHook [as .ts] (/home/rabindranath/Documents/Backend/yt-node-api-ts-oop/node_modules/ts-node-dev/lib/hook.js:63:13)
    at Module.load (node:internal/modules/cjs/loader:981:32)
    at Function.Module._load (node:internal/modules/cjs/loader:822:12)
2023-01-24 19:57:48 error: uncaughtException: ⨯ Unable to compile TypeScript:
src/routes/user.routes.ts(22,56): error TS6133: 'res' is declared but its value is never read.

Error: ⨯ Unable to compile TypeScript:
src/routes/user.routes.ts(22,56): error TS6133: 'res' is declared but its value is never read.

    at Object.<anonymous> (/home/rabindranath/Documents/Backend/yt-node-api-ts-oop/src/routes/user.routes.ts:1:7)
    at Module._compile (node:internal/modules/cjs/loader:1105:14)
    at Module._compile (/home/rabindranath/Documents/Backend/yt-node-api-ts-oop/node_modules/source-map-support/source-map-support.js:568:25)
    at Module.m._compile (/tmp/ts-node-dev-hook-6908700792218534.js:69:33)
    at Module._extensions..js (node:internal/modules/cjs/loader:1159:10)
    at require.extensions..jsx.require.extensions..js (/tmp/ts-node-dev-hook-6908700792218534.js:114:20)
    at require.extensions.<computed> (/tmp/ts-node-dev-hook-6908700792218534.js:71:20)
    at Object.nodeDevHook [as .ts] (/home/rabindranath/Documents/Backend/yt-node-api-ts-oop/node_modules/ts-node-dev/lib/hook.js:63:13)
    at Module.load (node:internal/modules/cjs/loader:981:32)
    at Function.Module._load (node:internal/modules/cjs/loader:822:12)
2023-01-24 19:57:54 error: uncaughtException: ⨯ Unable to compile TypeScript:
src/routes/user.routes.ts(22,42): error TS6133: 'req' is declared but its value is never read.
src/routes/user.routes.ts(22,56): error TS6133: 'res' is declared but its value is never read.
src/routes/user.routes.ts(26,9): error TS2304: Cannot find name 'userId'.

Error: ⨯ Unable to compile TypeScript:
src/routes/user.routes.ts(22,42): error TS6133: 'req' is declared but its value is never read.
src/routes/user.routes.ts(22,56): error TS6133: 'res' is declared but its value is never read.
src/routes/user.routes.ts(26,9): error TS2304: Cannot find name 'userId'.

    at Object.<anonymous> (/home/rabindranath/Documents/Backend/yt-node-api-ts-oop/src/routes/user.routes.ts:1:7)
    at Module._compile (node:internal/modules/cjs/loader:1105:14)
    at Module._compile (/home/rabindranath/Documents/Backend/yt-node-api-ts-oop/node_modules/source-map-support/source-map-support.js:568:25)
    at Module.m._compile (/tmp/ts-node-dev-hook-6908700792218534.js:69:33)
    at Module._extensions..js (node:internal/modules/cjs/loader:1159:10)
    at require.extensions..jsx.require.extensions..js (/tmp/ts-node-dev-hook-6908700792218534.js:114:20)
    at require.extensions.<computed> (/tmp/ts-node-dev-hook-6908700792218534.js:71:20)
    at Object.nodeDevHook [as .ts] (/home/rabindranath/Documents/Backend/yt-node-api-ts-oop/node_modules/ts-node-dev/lib/hook.js:63:13)
    at Module.load (node:internal/modules/cjs/loader:981:32)
    at Function.Module._load (node:internal/modules/cjs/loader:822:12)
2023-01-24 19:58:07 error: uncaughtException: ⨯ Unable to compile TypeScript:
src/routes/user.routes.ts(22,41): error TS2304: Cannot find name 'thiu'.

Error: ⨯ Unable to compile TypeScript:
src/routes/user.routes.ts(22,41): error TS2304: Cannot find name 'thiu'.

    at Object.<anonymous> (/home/rabindranath/Documents/Backend/yt-node-api-ts-oop/src/routes/user.routes.ts:1:7)
    at Module._compile (node:internal/modules/cjs/loader:1105:14)
    at Module._compile (/home/rabindranath/Documents/Backend/yt-node-api-ts-oop/node_modules/source-map-support/source-map-support.js:568:25)
    at Module.m._compile (/tmp/ts-node-dev-hook-6908700792218534.js:69:33)
    at Module._extensions..js (node:internal/modules/cjs/loader:1159:10)
    at require.extensions..jsx.require.extensions..js (/tmp/ts-node-dev-hook-6908700792218534.js:114:20)
    at require.extensions.<computed> (/tmp/ts-node-dev-hook-6908700792218534.js:71:20)
    at Object.nodeDevHook [as .ts] (/home/rabindranath/Documents/Backend/yt-node-api-ts-oop/node_modules/ts-node-dev/lib/hook.js:63:13)
    at Module.load (node:internal/modules/cjs/loader:981:32)
    at Function.Module._load (node:internal/modules/cjs/loader:822:12)
2023-01-24 19:58:07 error: uncaughtException: write EPIPE
Error: write EPIPE
    at process.target._send (node:internal/child_process:866:20)
    at process.target.send (node:internal/child_process:739:19)
    at Object.exports.send (/home/rabindranath/Documents/Backend/yt-node-api-ts-oop/node_modules/ts-node-dev/lib/ipc.js:17:14)
    at process.<anonymous> (/home/rabindranath/Documents/Backend/yt-node-api-ts-oop/node_modules/ts-node-dev/lib/wrap.js:78:9)
    at process.emit (node:events:539:35)
    at process.emit (/home/rabindranath/Documents/Backend/yt-node-api-ts-oop/node_modules/source-map-support/source-map-support.js:516:21)
    at process._fatalException (node:internal/process/execution:167:25)
2023-01-24 19:58:10 error: uncaughtException: ⨯ Unable to compile TypeScript:
src/routes/user.routes.ts(22,41): error TS2769: No overload matches this call.
  The last overload gave the following error.
    Argument of type 'UserController' is not assignable to parameter of type 'Application<Record<string, any>>'.
      Type 'UserController' is missing the following properties from type 'Application<Record<string, any>>': init, defaultConfiguration, engine, set, and 61 more.

Error: ⨯ Unable to compile TypeScript:
src/routes/user.routes.ts(22,41): error TS2769: No overload matches this call.
  The last overload gave the following error.
    Argument of type 'UserController' is not assignable to parameter of type 'Application<Record<string, any>>'.
      Type 'UserController' is missing the following properties from type 'Application<Record<string, any>>': init, defaultConfiguration, engine, set, and 61 more.

    at Object.<anonymous> (/home/rabindranath/Documents/Backend/yt-node-api-ts-oop/src/routes/user.routes.ts:1:7)
    at Module._compile (node:internal/modules/cjs/loader:1105:14)
    at Module._compile (/home/rabindranath/Documents/Backend/yt-node-api-ts-oop/node_modules/source-map-support/source-map-support.js:568:25)
    at Module.m._compile (/tmp/ts-node-dev-hook-6908700792218534.js:69:33)
    at Module._extensions..js (node:internal/modules/cjs/loader:1159:10)
    at require.extensions..jsx.require.extensions..js (/tmp/ts-node-dev-hook-6908700792218534.js:114:20)
    at require.extensions.<computed> (/tmp/ts-node-dev-hook-6908700792218534.js:71:20)
    at Object.nodeDevHook [as .ts] (/home/rabindranath/Documents/Backend/yt-node-api-ts-oop/node_modules/ts-node-dev/lib/hook.js:63:13)
    at Module.load (node:internal/modules/cjs/loader:981:32)
    at Function.Module._load (node:internal/modules/cjs/loader:822:12)
2023-01-24 19:58:54 error: uncaughtException: ⨯ Unable to compile TypeScript:
src/user/user.controller.ts(27,45): error TS6133: 'res' is declared but its value is never read.
src/user/user.controller.ts(32,49): error TS6133: 'res' is declared but its value is never read.
src/user/user.controller.ts(37,49): error TS6133: 'res' is declared but its value is never read.

Error: ⨯ Unable to compile TypeScript:
src/user/user.controller.ts(27,45): error TS6133: 'res' is declared but its value is never read.
src/user/user.controller.ts(32,49): error TS6133: 'res' is declared but its value is never read.
src/user/user.controller.ts(37,49): error TS6133: 'res' is declared but its value is never read.

    at Object.<anonymous> (/home/rabindranath/Documents/Backend/yt-node-api-ts-oop/src/user/user.controller.ts:1:7)
    at Module._compile (node:internal/modules/cjs/loader:1105:14)
    at Module._compile (/home/rabindranath/Documents/Backend/yt-node-api-ts-oop/node_modules/source-map-support/source-map-support.js:568:25)
    at Module.m._compile (/tmp/ts-node-dev-hook-07890166148527467.js:69:33)
    at Module._extensions..js (node:internal/modules/cjs/loader:1159:10)
    at require.extensions..jsx.require.extensions..js (/tmp/ts-node-dev-hook-07890166148527467.js:114:20)
    at require.extensions.<computed> (/tmp/ts-node-dev-hook-07890166148527467.js:71:20)
    at Object.nodeDevHook [as .ts] (/home/rabindranath/Documents/Backend/yt-node-api-ts-oop/node_modules/ts-node-dev/lib/hook.js:63:13)
    at Module.load (node:internal/modules/cjs/loader:981:32)
    at Function.Module._load (node:internal/modules/cjs/loader:822:12)
2023-01-24 20:03:16 error: uncaughtException: ⨯ Unable to compile TypeScript:
src/user/user.controller.ts(64,68): error TS1109: Expression expected.

Error: ⨯ Unable to compile TypeScript:
src/user/user.controller.ts(64,68): error TS1109: Expression expected.

    at Object.<anonymous> (/home/rabindranath/Documents/Backend/yt-node-api-ts-oop/src/user/user.controller.ts:1:7)
    at Module._compile (node:internal/modules/cjs/loader:1105:14)
    at Module._compile (/home/rabindranath/Documents/Backend/yt-node-api-ts-oop/node_modules/source-map-support/source-map-support.js:568:25)
    at Module.m._compile (/tmp/ts-node-dev-hook-5880872911677759.js:69:33)
    at Module._extensions..js (node:internal/modules/cjs/loader:1159:10)
    at require.extensions..jsx.require.extensions..js (/tmp/ts-node-dev-hook-5880872911677759.js:114:20)
    at require.extensions.<computed> (/tmp/ts-node-dev-hook-5880872911677759.js:71:20)
    at Object.nodeDevHook [as .ts] (/home/rabindranath/Documents/Backend/yt-node-api-ts-oop/node_modules/ts-node-dev/lib/hook.js:63:13)
    at Module.load (node:internal/modules/cjs/loader:981:32)
    at Function.Module._load (node:internal/modules/cjs/loader:822:12)
2023-01-24 20:03:20 error: uncaughtException: ⨯ Unable to compile TypeScript:
src/user/user.controller.ts(65,68): error TS1109: Expression expected.

Error: ⨯ Unable to compile TypeScript:
src/user/user.controller.ts(65,68): error TS1109: Expression expected.

    at Object.<anonymous> (/home/rabindranath/Documents/Backend/yt-node-api-ts-oop/src/user/user.controller.ts:1:7)
    at Module._compile (node:internal/modules/cjs/loader:1105:14)
    at Module._compile (/home/rabindranath/Documents/Backend/yt-node-api-ts-oop/node_modules/source-map-support/source-map-support.js:568:25)
    at Module.m._compile (/tmp/ts-node-dev-hook-5880872911677759.js:69:33)
    at Module._extensions..js (node:internal/modules/cjs/loader:1159:10)
    at require.extensions..jsx.require.extensions..js (/tmp/ts-node-dev-hook-5880872911677759.js:114:20)
    at require.extensions.<computed> (/tmp/ts-node-dev-hook-5880872911677759.js:71:20)
    at Object.nodeDevHook [as .ts] (/home/rabindranath/Documents/Backend/yt-node-api-ts-oop/node_modules/ts-node-dev/lib/hook.js:63:13)
    at Module.load (node:internal/modules/cjs/loader:981:32)
    at Function.Module._load (node:internal/modules/cjs/loader:822:12)
2023-01-24 20:03:38 error: uncaughtException: ⨯ Unable to compile TypeScript:
src/user/user.controller.ts(64,68): error TS2448: Block-scoped variable 'userId' used before its declaration.
src/user/user.controller.ts(64,68): error TS2454: Variable 'userId' is used before being assigned.

Error: ⨯ Unable to compile TypeScript:
src/user/user.controller.ts(64,68): error TS2448: Block-scoped variable 'userId' used before its declaration.
src/user/user.controller.ts(64,68): error TS2454: Variable 'userId' is used before being assigned.

    at Object.<anonymous> (/home/rabindranath/Documents/Backend/yt-node-api-ts-oop/src/user/user.controller.ts:1:7)
    at Module._compile (node:internal/modules/cjs/loader:1105:14)
    at Module._compile (/home/rabindranath/Documents/Backend/yt-node-api-ts-oop/node_modules/source-map-support/source-map-support.js:568:25)
    at Module.m._compile (/tmp/ts-node-dev-hook-5880872911677759.js:69:33)
    at Module._extensions..js (node:internal/modules/cjs/loader:1159:10)
    at require.extensions..jsx.require.extensions..js (/tmp/ts-node-dev-hook-5880872911677759.js:114:20)
    at require.extensions.<computed> (/tmp/ts-node-dev-hook-5880872911677759.js:71:20)
    at Object.nodeDevHook [as .ts] (/home/rabindranath/Documents/Backend/yt-node-api-ts-oop/node_modules/ts-node-dev/lib/hook.js:63:13)
    at Module.load (node:internal/modules/cjs/loader:981:32)
    at Function.Module._load (node:internal/modules/cjs/loader:822:12)
2023-01-24 20:04:07 error: uncaughtException: ⨯ Unable to compile TypeScript:
src/user/user.controller.ts(65,68): error TS1109: Expression expected.

Error: ⨯ Unable to compile TypeScript:
src/user/user.controller.ts(65,68): error TS1109: Expression expected.

    at Object.<anonymous> (/home/rabindranath/Documents/Backend/yt-node-api-ts-oop/src/user/user.controller.ts:1:7)
    at Module._compile (node:internal/modules/cjs/loader:1105:14)
    at Module._compile (/home/rabindranath/Documents/Backend/yt-node-api-ts-oop/node_modules/source-map-support/source-map-support.js:568:25)
    at Module.m._compile (/tmp/ts-node-dev-hook-5880872911677759.js:69:33)
    at Module._extensions..js (node:internal/modules/cjs/loader:1159:10)
    at require.extensions..jsx.require.extensions..js (/tmp/ts-node-dev-hook-5880872911677759.js:114:20)
    at require.extensions.<computed> (/tmp/ts-node-dev-hook-5880872911677759.js:71:20)
    at Object.nodeDevHook [as .ts] (/home/rabindranath/Documents/Backend/yt-node-api-ts-oop/node_modules/ts-node-dev/lib/hook.js:63:13)
    at Module.load (node:internal/modules/cjs/loader:981:32)
    at Function.Module._load (node:internal/modules/cjs/loader:822:12)
2023-01-24 20:04:56 error: uncaughtException: ⨯ Unable to compile TypeScript:
src/user/user.controller.ts(20,7): error TS2663: Cannot find name 'updateUserById'. Did you mean the instance member 'this.updateUserById'?

Error: ⨯ Unable to compile TypeScript:
src/user/user.controller.ts(20,7): error TS2663: Cannot find name 'updateUserById'. Did you mean the instance member 'this.updateUserById'?

    at Object.<anonymous> (/home/rabindranath/Documents/Backend/yt-node-api-ts-oop/src/user/user.controller.ts:1:7)
    at Module._compile (node:internal/modules/cjs/loader:1105:14)
    at Module._compile (/home/rabindranath/Documents/Backend/yt-node-api-ts-oop/node_modules/source-map-support/source-map-support.js:568:25)
    at Module.m._compile (/tmp/ts-node-dev-hook-5880872911677759.js:69:33)
    at Module._extensions..js (node:internal/modules/cjs/loader:1159:10)
    at require.extensions..jsx.require.extensions..js (/tmp/ts-node-dev-hook-5880872911677759.js:114:20)
    at require.extensions.<computed> (/tmp/ts-node-dev-hook-5880872911677759.js:71:20)
    at Object.nodeDevHook [as .ts] (/home/rabindranath/Documents/Backend/yt-node-api-ts-oop/node_modules/ts-node-dev/lib/hook.js:63:13)
    at Module.load (node:internal/modules/cjs/loader:981:32)
    at Function.Module._load (node:internal/modules/cjs/loader:822:12)
2023-01-24 20:05:24 error: uncaughtException: ⨯ Unable to compile TypeScript:
src/user/user.controller.ts(28,65): error TS2304: Cannot find name 'userId'.

Error: ⨯ Unable to compile TypeScript:
src/user/user.controller.ts(28,65): error TS2304: Cannot find name 'userId'.

    at Object.<anonymous> (/home/rabindranath/Documents/Backend/yt-node-api-ts-oop/src/user/user.controller.ts:1:7)
    at Module._compile (node:internal/modules/cjs/loader:1105:14)
    at Module._compile (/home/rabindranath/Documents/Backend/yt-node-api-ts-oop/node_modules/source-map-support/source-map-support.js:568:25)
    at Module.m._compile (/tmp/ts-node-dev-hook-5880872911677759.js:69:33)
    at Module._extensions..js (node:internal/modules/cjs/loader:1159:10)
    at require.extensions..jsx.require.extensions..js (/tmp/ts-node-dev-hook-5880872911677759.js:114:20)
    at require.extensions.<computed> (/tmp/ts-node-dev-hook-5880872911677759.js:71:20)
    at Object.nodeDevHook [as .ts] (/home/rabindranath/Documents/Backend/yt-node-api-ts-oop/node_modules/ts-node-dev/lib/hook.js:63:13)
    at Module.load (node:internal/modules/cjs/loader:981:32)
    at Function.Module._load (node:internal/modules/cjs/loader:822:12)
2023-01-24 20:05:30 error: uncaughtException: ⨯ Unable to compile TypeScript:
src/user/user.controller.ts(28,64): error TS2304: Cannot find name 'userId'.

Error: ⨯ Unable to compile TypeScript:
src/user/user.controller.ts(28,64): error TS2304: Cannot find name 'userId'.

    at Object.<anonymous> (/home/rabindranath/Documents/Backend/yt-node-api-ts-oop/src/user/user.controller.ts:1:7)
    at Module._compile (node:internal/modules/cjs/loader:1105:14)
    at Module._compile (/home/rabindranath/Documents/Backend/yt-node-api-ts-oop/node_modules/source-map-support/source-map-support.js:568:25)
    at Module.m._compile (/tmp/ts-node-dev-hook-5880872911677759.js:69:33)
    at Module._extensions..js (node:internal/modules/cjs/loader:1159:10)
    at require.extensions..jsx.require.extensions..js (/tmp/ts-node-dev-hook-5880872911677759.js:114:20)
    at require.extensions.<computed> (/tmp/ts-node-dev-hook-5880872911677759.js:71:20)
    at Object.nodeDevHook [as .ts] (/home/rabindranath/Documents/Backend/yt-node-api-ts-oop/node_modules/ts-node-dev/lib/hook.js:63:13)
    at Module.load (node:internal/modules/cjs/loader:981:32)
    at Function.Module._load (node:internal/modules/cjs/loader:822:12)
2023-01-24 20:07:19 error: uncaughtException: ⨯ Unable to compile TypeScript:
src/user/user.controller.ts(36,54): error TS1109: Expression expected.

Error: ⨯ Unable to compile TypeScript:
src/user/user.controller.ts(36,54): error TS1109: Expression expected.

    at Object.<anonymous> (/home/rabindranath/Documents/Backend/yt-node-api-ts-oop/src/user/user.controller.ts:1:7)
    at Module._compile (node:internal/modules/cjs/loader:1105:14)
    at Module._compile (/home/rabindranath/Documents/Backend/yt-node-api-ts-oop/node_modules/source-map-support/source-map-support.js:568:25)
    at Module.m._compile (/tmp/ts-node-dev-hook-5880872911677759.js:69:33)
    at Module._extensions..js (node:internal/modules/cjs/loader:1159:10)
    at require.extensions..jsx.require.extensions..js (/tmp/ts-node-dev-hook-5880872911677759.js:114:20)
    at require.extensions.<computed> (/tmp/ts-node-dev-hook-5880872911677759.js:71:20)
    at Object.nodeDevHook [as .ts] (/home/rabindranath/Documents/Backend/yt-node-api-ts-oop/node_modules/ts-node-dev/lib/hook.js:63:13)
    at Module.load (node:internal/modules/cjs/loader:981:32)
    at Function.Module._load (node:internal/modules/cjs/loader:822:12)
2023-01-24 20:07:34 error: uncaughtException: ⨯ Unable to compile TypeScript:
src/user/user.controller.ts(37,54): error TS1109: Expression expected.

Error: ⨯ Unable to compile TypeScript:
src/user/user.controller.ts(37,54): error TS1109: Expression expected.

    at Object.<anonymous> (/home/rabindranath/Documents/Backend/yt-node-api-ts-oop/src/user/user.controller.ts:1:7)
    at Module._compile (node:internal/modules/cjs/loader:1105:14)
    at Module._compile (/home/rabindranath/Documents/Backend/yt-node-api-ts-oop/node_modules/source-map-support/source-map-support.js:568:25)
    at Module.m._compile (/tmp/ts-node-dev-hook-5880872911677759.js:69:33)
    at Module._extensions..js (node:internal/modules/cjs/loader:1159:10)
    at require.extensions..jsx.require.extensions..js (/tmp/ts-node-dev-hook-5880872911677759.js:114:20)
    at require.extensions.<computed> (/tmp/ts-node-dev-hook-5880872911677759.js:71:20)
    at Object.nodeDevHook [as .ts] (/home/rabindranath/Documents/Backend/yt-node-api-ts-oop/node_modules/ts-node-dev/lib/hook.js:63:13)
    at Module.load (node:internal/modules/cjs/loader:981:32)
    at Function.Module._load (node:internal/modules/cjs/loader:822:12)
2023-01-24 20:07:41 error: uncaughtException: ⨯ Unable to compile TypeScript:
src/user/user.controller.ts(34,23): error TS2304: Cannot find name 'u'.
src/user/user.controller.ts(37,54): error TS1109: Expression expected.

Error: ⨯ Unable to compile TypeScript:
src/user/user.controller.ts(34,23): error TS2304: Cannot find name 'u'.
src/user/user.controller.ts(37,54): error TS1109: Expression expected.

    at Object.<anonymous> (/home/rabindranath/Documents/Backend/yt-node-api-ts-oop/src/user/user.controller.ts:1:7)
    at Module._compile (node:internal/modules/cjs/loader:1105:14)
    at Module._compile (/home/rabindranath/Documents/Backend/yt-node-api-ts-oop/node_modules/source-map-support/source-map-support.js:568:25)
    at Module.m._compile (/tmp/ts-node-dev-hook-5880872911677759.js:69:33)
    at Module._extensions..js (node:internal/modules/cjs/loader:1159:10)
    at require.extensions..jsx.require.extensions..js (/tmp/ts-node-dev-hook-5880872911677759.js:114:20)
    at require.extensions.<computed> (/tmp/ts-node-dev-hook-5880872911677759.js:71:20)
    at Object.nodeDevHook [as .ts] (/home/rabindranath/Documents/Backend/yt-node-api-ts-oop/node_modules/ts-node-dev/lib/hook.js:63:13)
    at Module.load (node:internal/modules/cjs/loader:981:32)
    at Function.Module._load (node:internal/modules/cjs/loader:822:12)
2023-01-24 20:07:46 error: uncaughtException: write EPIPE
Error: write EPIPE
    at process.target._send (node:internal/child_process:866:20)
    at process.target.send (node:internal/child_process:739:19)
    at Object.exports.send (/home/rabindranath/Documents/Backend/yt-node-api-ts-oop/node_modules/ts-node-dev/lib/ipc.js:17:14)
    at /home/rabindranath/Documents/Backend/yt-node-api-ts-oop/node_modules/ts-node-dev/lib/wrap.js:88:9
    at Object.nodeDevHook [as .js] (/home/rabindranath/Documents/Backend/yt-node-api-ts-oop/node_modules/ts-node-dev/lib/hook.js:61:17)
    at Module.load (node:internal/modules/cjs/loader:981:32)
    at Function.Module._load (node:internal/modules/cjs/loader:822:12)
    at Module.require (node:internal/modules/cjs/loader:1005:19)
    at require (node:internal/modules/cjs/helpers:102:18)
    at Object.<anonymous> (/home/rabindranath/Documents/Backend/yt-node-api-ts-oop/node_modules/mysql/lib/ConnectionConfig.js:2:23)
2023-01-24 20:24:38 error: uncaughtException: ⨯ Unable to compile TypeScript:
src/user/user.controller.ts(5,33): error TS2304: Cannot find name 'UserService'.
src/user/user.controller.ts(5,51): error TS2304: Cannot find name 'UserService'.

Error: ⨯ Unable to compile TypeScript:
src/user/user.controller.ts(5,33): error TS2304: Cannot find name 'UserService'.
src/user/user.controller.ts(5,51): error TS2304: Cannot find name 'UserService'.

    at Object.<anonymous> (/home/rabindranath/Documents/Backend/yt-node-api-ts-oop/src/user/user.controller.ts:1:7)
    at Module._compile (node:internal/modules/cjs/loader:1105:14)
    at Module._compile (/home/rabindranath/Documents/Backend/yt-node-api-ts-oop/node_modules/source-map-support/source-map-support.js:568:25)
    at Module.m._compile (/tmp/ts-node-dev-hook-533436385109767.js:69:33)
    at Module._extensions..js (node:internal/modules/cjs/loader:1159:10)
    at require.extensions..jsx.require.extensions..js (/tmp/ts-node-dev-hook-533436385109767.js:114:20)
    at require.extensions.<computed> (/tmp/ts-node-dev-hook-533436385109767.js:71:20)
    at Object.nodeDevHook [as .ts] (/home/rabindranath/Documents/Backend/yt-node-api-ts-oop/node_modules/ts-node-dev/lib/hook.js:63:13)
    at Module.load (node:internal/modules/cjs/loader:981:32)
    at Function.Module._load (node:internal/modules/cjs/loader:822:12)
2023-01-24 20:25:20 error: uncaughtException: ⨯ Unable to compile TypeScript:
src/user/user.controller.ts(15,5): error TS1109: Expression expected.

Error: ⨯ Unable to compile TypeScript:
src/user/user.controller.ts(15,5): error TS1109: Expression expected.

    at Object.<anonymous> (/home/rabindranath/Documents/Backend/yt-node-api-ts-oop/src/user/user.controller.ts:1:7)
    at Module._compile (node:internal/modules/cjs/loader:1105:14)
    at Module._compile (/home/rabindranath/Documents/Backend/yt-node-api-ts-oop/node_modules/source-map-support/source-map-support.js:568:25)
    at Module.m._compile (/tmp/ts-node-dev-hook-533436385109767.js:69:33)
    at Module._extensions..js (node:internal/modules/cjs/loader:1159:10)
    at require.extensions..jsx.require.extensions..js (/tmp/ts-node-dev-hook-533436385109767.js:114:20)
    at require.extensions.<computed> (/tmp/ts-node-dev-hook-533436385109767.js:71:20)
    at Object.nodeDevHook [as .ts] (/home/rabindranath/Documents/Backend/yt-node-api-ts-oop/node_modules/ts-node-dev/lib/hook.js:63:13)
    at Module.load (node:internal/modules/cjs/loader:981:32)
    at Function.Module._load (node:internal/modules/cjs/loader:822:12)
2023-01-24 20:25:25 error: uncaughtException: ⨯ Unable to compile TypeScript:
src/user/user.controller.ts(14,23): error TS2304: Cannot find name 'awa'.

Error: ⨯ Unable to compile TypeScript:
src/user/user.controller.ts(14,23): error TS2304: Cannot find name 'awa'.

    at Object.<anonymous> (/home/rabindranath/Documents/Backend/yt-node-api-ts-oop/src/user/user.controller.ts:1:7)
    at Module._compile (node:internal/modules/cjs/loader:1105:14)
    at Module._compile (/home/rabindranath/Documents/Backend/yt-node-api-ts-oop/node_modules/source-map-support/source-map-support.js:568:25)
    at Module.m._compile (/tmp/ts-node-dev-hook-533436385109767.js:69:33)
    at Module._extensions..js (node:internal/modules/cjs/loader:1159:10)
    at require.extensions..jsx.require.extensions..js (/tmp/ts-node-dev-hook-533436385109767.js:114:20)
    at require.extensions.<computed> (/tmp/ts-node-dev-hook-533436385109767.js:71:20)
    at Object.nodeDevHook [as .ts] (/home/rabindranath/Documents/Backend/yt-node-api-ts-oop/node_modules/ts-node-dev/lib/hook.js:63:13)
    at Module.load (node:internal/modules/cjs/loader:981:32)
    at Function.Module._load (node:internal/modules/cjs/loader:822:12)
2023-01-24 20:25:31 error: uncaughtException: ⨯ Unable to compile TypeScript:
src/user/user.controller.ts(14,34): error TS1003: Identifier expected.

Error: ⨯ Unable to compile TypeScript:
src/user/user.controller.ts(14,34): error TS1003: Identifier expected.

    at Object.<anonymous> (/home/rabindranath/Documents/Backend/yt-node-api-ts-oop/src/user/user.controller.ts:1:7)
    at Module._compile (node:internal/modules/cjs/loader:1105:14)
    at Module._compile (/home/rabindranath/Documents/Backend/yt-node-api-ts-oop/node_modules/source-map-support/source-map-support.js:568:25)
    at Module.m._compile (/tmp/ts-node-dev-hook-533436385109767.js:69:33)
    at Module._extensions..js (node:internal/modules/cjs/loader:1159:10)
    at require.extensions..jsx.require.extensions..js (/tmp/ts-node-dev-hook-533436385109767.js:114:20)
    at require.extensions.<computed> (/tmp/ts-node-dev-hook-533436385109767.js:71:20)
    at Object.nodeDevHook [as .ts] (/home/rabindranath/Documents/Backend/yt-node-api-ts-oop/node_modules/ts-node-dev/lib/hook.js:63:13)
    at Module.load (node:internal/modules/cjs/loader:981:32)
    at Function.Module._load (node:internal/modules/cjs/loader:822:12)
2023-01-24 20:26:13 error: uncaughtException: ⨯ Unable to compile TypeScript:
src/user/user.service.ts(9,5): error TS2304: Cannot find name 'logger'.
src/user/user.service.ts(9,20): error TS2304: Cannot find name 'UserController'.

Error: ⨯ Unable to compile TypeScript:
src/user/user.service.ts(9,5): error TS2304: Cannot find name 'logger'.
src/user/user.service.ts(9,20): error TS2304: Cannot find name 'UserController'.

    at Object.<anonymous> (/home/rabindranath/Documents/Backend/yt-node-api-ts-oop/src/user/user.service.ts:1:7)
    at Module._compile (node:internal/modules/cjs/loader:1105:14)
    at Module._compile (/home/rabindranath/Documents/Backend/yt-node-api-ts-oop/node_modules/source-map-support/source-map-support.js:568:25)
    at Module.m._compile (/tmp/ts-node-dev-hook-533436385109767.js:69:33)
    at Module._extensions..js (node:internal/modules/cjs/loader:1159:10)
    at require.extensions..jsx.require.extensions..js (/tmp/ts-node-dev-hook-533436385109767.js:114:20)
    at require.extensions.<computed> (/tmp/ts-node-dev-hook-533436385109767.js:71:20)
    at Object.nodeDevHook [as .ts] (/home/rabindranath/Documents/Backend/yt-node-api-ts-oop/node_modules/ts-node-dev/lib/hook.js:63:13)
    at Module.load (node:internal/modules/cjs/loader:981:32)
    at Function.Module._load (node:internal/modules/cjs/loader:822:12)
2023-01-24 20:26:18 error: uncaughtException: ⨯ Unable to compile TypeScript:
src/user/user.service.ts(9,5): error TS2304: Cannot find name 'logger'.

Error: ⨯ Unable to compile TypeScript:
src/user/user.service.ts(9,5): error TS2304: Cannot find name 'logger'.

    at Object.<anonymous> (/home/rabindranath/Documents/Backend/yt-node-api-ts-oop/src/user/user.service.ts:1:7)
    at Module._compile (node:internal/modules/cjs/loader:1105:14)
    at Module._compile (/home/rabindranath/Documents/Backend/yt-node-api-ts-oop/node_modules/source-map-support/source-map-support.js:568:25)
    at Module.m._compile (/tmp/ts-node-dev-hook-533436385109767.js:69:33)
    at Module._extensions..js (node:internal/modules/cjs/loader:1159:10)
    at require.extensions..jsx.require.extensions..js (/tmp/ts-node-dev-hook-533436385109767.js:114:20)
    at require.extensions.<computed> (/tmp/ts-node-dev-hook-533436385109767.js:71:20)
    at Object.nodeDevHook [as .ts] (/home/rabindranath/Documents/Backend/yt-node-api-ts-oop/node_modules/ts-node-dev/lib/hook.js:63:13)
    at Module.load (node:internal/modules/cjs/loader:981:32)
    at Function.Module._load (node:internal/modules/cjs/loader:822:12)
2023-01-24 20:26:27 error: uncaughtException: ⨯ Unable to compile TypeScript:
src/user/user.service.ts(11,11): error TS1155: 'const' declarations must be initialized.
src/user/user.service.ts(11,11): error TS7005: Variable 'u' implicitly has an 'any' type.

Error: ⨯ Unable to compile TypeScript:
src/user/user.service.ts(11,11): error TS1155: 'const' declarations must be initialized.
src/user/user.service.ts(11,11): error TS7005: Variable 'u' implicitly has an 'any' type.

    at Object.<anonymous> (/home/rabindranath/Documents/Backend/yt-node-api-ts-oop/src/user/user.service.ts:1:7)
    at Module._compile (node:internal/modules/cjs/loader:1105:14)
    at Module._compile (/home/rabindranath/Documents/Backend/yt-node-api-ts-oop/node_modules/source-map-support/source-map-support.js:568:25)
    at Module.m._compile (/tmp/ts-node-dev-hook-533436385109767.js:69:33)
    at Module._extensions..js (node:internal/modules/cjs/loader:1159:10)
    at require.extensions..jsx.require.extensions..js (/tmp/ts-node-dev-hook-533436385109767.js:114:20)
    at require.extensions.<computed> (/tmp/ts-node-dev-hook-533436385109767.js:71:20)
    at Object.nodeDevHook [as .ts] (/home/rabindranath/Documents/Backend/yt-node-api-ts-oop/node_modules/ts-node-dev/lib/hook.js:63:13)
    at Module.load (node:internal/modules/cjs/loader:981:32)
    at Function.Module._load (node:internal/modules/cjs/loader:822:12)
2023-01-24 20:26:31 error: uncaughtException: ⨯ Unable to compile TypeScript:
src/user/user.service.ts(12,3): error TS1109: Expression expected.

Error: ⨯ Unable to compile TypeScript:
src/user/user.service.ts(12,3): error TS1109: Expression expected.

    at Object.<anonymous> (/home/rabindranath/Documents/Backend/yt-node-api-ts-oop/src/user/user.service.ts:1:7)
    at Module._compile (node:internal/modules/cjs/loader:1105:14)
    at Module._compile (/home/rabindranath/Documents/Backend/yt-node-api-ts-oop/node_modules/source-map-support/source-map-support.js:568:25)
    at Module.m._compile (/tmp/ts-node-dev-hook-533436385109767.js:69:33)
    at Module._extensions..js (node:internal/modules/cjs/loader:1159:10)
    at require.extensions..jsx.require.extensions..js (/tmp/ts-node-dev-hook-533436385109767.js:114:20)
    at require.extensions.<computed> (/tmp/ts-node-dev-hook-533436385109767.js:71:20)
    at Object.nodeDevHook [as .ts] (/home/rabindranath/Documents/Backend/yt-node-api-ts-oop/node_modules/ts-node-dev/lib/hook.js:63:13)
    at Module.load (node:internal/modules/cjs/loader:981:32)
    at Function.Module._load (node:internal/modules/cjs/loader:822:12)
2023-01-24 20:29:02 error: uncaughtException: ⨯ Unable to compile TypeScript:
src/user/user.service.ts(18,10): error TS7008: Member 'getUser' implicitly has an 'any' type.
src/user/user.service.ts(24,3): error TS7008: Member 'P' implicitly has an 'any' type.

Error: ⨯ Unable to compile TypeScript:
src/user/user.service.ts(18,10): error TS7008: Member 'getUser' implicitly has an 'any' type.
src/user/user.service.ts(24,3): error TS7008: Member 'P' implicitly has an 'any' type.

    at Object.<anonymous> (/home/rabindranath/Documents/Backend/yt-node-api-ts-oop/src/user/user.service.ts:1:7)
    at Module._compile (node:internal/modules/cjs/loader:1105:14)
    at Module._compile (/home/rabindranath/Documents/Backend/yt-node-api-ts-oop/node_modules/source-map-support/source-map-support.js:568:25)
    at Module.m._compile (/tmp/ts-node-dev-hook-533436385109767.js:69:33)
    at Module._extensions..js (node:internal/modules/cjs/loader:1159:10)
    at require.extensions..jsx.require.extensions..js (/tmp/ts-node-dev-hook-533436385109767.js:114:20)
    at require.extensions.<computed> (/tmp/ts-node-dev-hook-533436385109767.js:71:20)
    at Object.nodeDevHook [as .ts] (/home/rabindranath/Documents/Backend/yt-node-api-ts-oop/node_modules/ts-node-dev/lib/hook.js:63:13)
    at Module.load (node:internal/modules/cjs/loader:981:32)
    at Function.Module._load (node:internal/modules/cjs/loader:822:12)
2023-01-24 20:29:29 error: uncaughtException: ⨯ Unable to compile TypeScript:
src/user/user.service.ts(29,3): error TS7008: Member 'pub' implicitly has an 'any' type.

Error: ⨯ Unable to compile TypeScript:
src/user/user.service.ts(29,3): error TS7008: Member 'pub' implicitly has an 'any' type.

    at Object.<anonymous> (/home/rabindranath/Documents/Backend/yt-node-api-ts-oop/src/user/user.service.ts:1:7)
    at Module._compile (node:internal/modules/cjs/loader:1105:14)
    at Module._compile (/home/rabindranath/Documents/Backend/yt-node-api-ts-oop/node_modules/source-map-support/source-map-support.js:568:25)
    at Module.m._compile (/tmp/ts-node-dev-hook-533436385109767.js:69:33)
    at Module._extensions..js (node:internal/modules/cjs/loader:1159:10)
    at require.extensions..jsx.require.extensions..js (/tmp/ts-node-dev-hook-533436385109767.js:114:20)
    at require.extensions.<computed> (/tmp/ts-node-dev-hook-533436385109767.js:71:20)
    at Object.nodeDevHook [as .ts] (/home/rabindranath/Documents/Backend/yt-node-api-ts-oop/node_modules/ts-node-dev/lib/hook.js:63:13)
    at Module.load (node:internal/modules/cjs/loader:981:32)
    at Function.Module._load (node:internal/modules/cjs/loader:822:12)
2023-01-24 20:30:18 error: uncaughtException: ⨯ Unable to compile TypeScript:
src/user/user.service.ts(18,28): error TS6133: 'id' is declared but its value is never read.
src/user/user.service.ts(32,31): error TS6133: 'id' is declared but its value is never read.
src/user/user.service.ts(39,31): error TS6133: 'id' is declared but its value is never read.

Error: ⨯ Unable to compile TypeScript:
src/user/user.service.ts(18,28): error TS6133: 'id' is declared but its value is never read.
src/user/user.service.ts(32,31): error TS6133: 'id' is declared but its value is never read.
src/user/user.service.ts(39,31): error TS6133: 'id' is declared but its value is never read.

    at Object.<anonymous> (/home/rabindranath/Documents/Backend/yt-node-api-ts-oop/src/user/user.service.ts:1:7)
    at Module._compile (node:internal/modules/cjs/loader:1105:14)
    at Module._compile (/home/rabindranath/Documents/Backend/yt-node-api-ts-oop/node_modules/source-map-support/source-map-support.js:568:25)
    at Module.m._compile (/tmp/ts-node-dev-hook-533436385109767.js:69:33)
    at Module._extensions..js (node:internal/modules/cjs/loader:1159:10)
    at require.extensions..jsx.require.extensions..js (/tmp/ts-node-dev-hook-533436385109767.js:114:20)
    at require.extensions.<computed> (/tmp/ts-node-dev-hook-533436385109767.js:71:20)
    at Object.nodeDevHook [as .ts] (/home/rabindranath/Documents/Backend/yt-node-api-ts-oop/node_modules/ts-node-dev/lib/hook.js:63:13)
    at Module.load (node:internal/modules/cjs/loader:981:32)
    at Function.Module._load (node:internal/modules/cjs/loader:822:12)
2023-01-24 20:30:31 error: uncaughtException: ⨯ Unable to compile TypeScript:
src/user/user.service.ts(18,28): error TS6133: 'id' is declared but its value is never read.
src/user/user.service.ts(33,31): error TS6133: 'id' is declared but its value is never read.
src/user/user.service.ts(40,31): error TS6133: 'id' is declared but its value is never read.

Error: ⨯ Unable to compile TypeScript:
src/user/user.service.ts(18,28): error TS6133: 'id' is declared but its value is never read.
src/user/user.service.ts(33,31): error TS6133: 'id' is declared but its value is never read.
src/user/user.service.ts(40,31): error TS6133: 'id' is declared but its value is never read.

    at Object.<anonymous> (/home/rabindranath/Documents/Backend/yt-node-api-ts-oop/src/user/user.service.ts:1:7)
    at Module._compile (node:internal/modules/cjs/loader:1105:14)
    at Module._compile (/home/rabindranath/Documents/Backend/yt-node-api-ts-oop/node_modules/source-map-support/source-map-support.js:568:25)
    at Module.m._compile (/tmp/ts-node-dev-hook-533436385109767.js:69:33)
    at Module._extensions..js (node:internal/modules/cjs/loader:1159:10)
    at require.extensions..jsx.require.extensions..js (/tmp/ts-node-dev-hook-533436385109767.js:114:20)
    at require.extensions.<computed> (/tmp/ts-node-dev-hook-533436385109767.js:71:20)
    at Object.nodeDevHook [as .ts] (/home/rabindranath/Documents/Backend/yt-node-api-ts-oop/node_modules/ts-node-dev/lib/hook.js:63:13)
    at Module.load (node:internal/modules/cjs/loader:981:32)
    at Function.Module._load (node:internal/modules/cjs/loader:822:12)
2023-01-24 20:30:42 error: uncaughtException: ⨯ Unable to compile TypeScript:
src/user/user.service.ts(33,31): error TS6133: 'id' is declared but its value is never read.
src/user/user.service.ts(40,31): error TS6133: 'id' is declared but its value is never read.

Error: ⨯ Unable to compile TypeScript:
src/user/user.service.ts(33,31): error TS6133: 'id' is declared but its value is never read.
src/user/user.service.ts(40,31): error TS6133: 'id' is declared but its value is never read.

    at Object.<anonymous> (/home/rabindranath/Documents/Backend/yt-node-api-ts-oop/src/user/user.service.ts:1:7)
    at Module._compile (node:internal/modules/cjs/loader:1105:14)
    at Module._compile (/home/rabindranath/Documents/Backend/yt-node-api-ts-oop/node_modules/source-map-support/source-map-support.js:568:25)
    at Module.m._compile (/tmp/ts-node-dev-hook-533436385109767.js:69:33)
    at Module._extensions..js (node:internal/modules/cjs/loader:1159:10)
    at require.extensions..jsx.require.extensions..js (/tmp/ts-node-dev-hook-533436385109767.js:114:20)
    at require.extensions.<computed> (/tmp/ts-node-dev-hook-533436385109767.js:71:20)
    at Object.nodeDevHook [as .ts] (/home/rabindranath/Documents/Backend/yt-node-api-ts-oop/node_modules/ts-node-dev/lib/hook.js:63:13)
    at Module.load (node:internal/modules/cjs/loader:981:32)
    at Function.Module._load (node:internal/modules/cjs/loader:822:12)
2023-01-24 20:31:18 error: uncaughtException: ⨯ Unable to compile TypeScript:
src/user/user.service.ts(27,62): error TS2304: Cannot find name 'id'.

Error: ⨯ Unable to compile TypeScript:
src/user/user.service.ts(27,62): error TS2304: Cannot find name 'id'.

    at Object.<anonymous> (/home/rabindranath/Documents/Backend/yt-node-api-ts-oop/src/user/user.service.ts:1:7)
    at Module._compile (node:internal/modules/cjs/loader:1105:14)
    at Module._compile (/home/rabindranath/Documents/Backend/yt-node-api-ts-oop/node_modules/source-map-support/source-map-support.js:568:25)
    at Module.m._compile (/tmp/ts-node-dev-hook-533436385109767.js:69:33)
    at Module._extensions..js (node:internal/modules/cjs/loader:1159:10)
    at require.extensions..jsx.require.extensions..js (/tmp/ts-node-dev-hook-533436385109767.js:114:20)
    at require.extensions.<computed> (/tmp/ts-node-dev-hook-533436385109767.js:71:20)
    at Object.nodeDevHook [as .ts] (/home/rabindranath/Documents/Backend/yt-node-api-ts-oop/node_modules/ts-node-dev/lib/hook.js:63:13)
    at Module.load (node:internal/modules/cjs/loader:981:32)
    at Function.Module._load (node:internal/modules/cjs/loader:822:12)
2023-01-24 20:31:22 error: uncaughtException: ⨯ Unable to compile TypeScript:
src/user/user.service.ts(27,61): error TS2304: Cannot find name 'id'.

Error: ⨯ Unable to compile TypeScript:
src/user/user.service.ts(27,61): error TS2304: Cannot find name 'id'.

    at Object.<anonymous> (/home/rabindranath/Documents/Backend/yt-node-api-ts-oop/src/user/user.service.ts:1:7)
    at Module._compile (node:internal/modules/cjs/loader:1105:14)
    at Module._compile (/home/rabindranath/Documents/Backend/yt-node-api-ts-oop/node_modules/source-map-support/source-map-support.js:568:25)
    at Module.m._compile (/tmp/ts-node-dev-hook-533436385109767.js:69:33)
    at Module._extensions..js (node:internal/modules/cjs/loader:1159:10)
    at require.extensions..jsx.require.extensions..js (/tmp/ts-node-dev-hook-533436385109767.js:114:20)
    at require.extensions.<computed> (/tmp/ts-node-dev-hook-533436385109767.js:71:20)
    at Object.nodeDevHook [as .ts] (/home/rabindranath/Documents/Backend/yt-node-api-ts-oop/node_modules/ts-node-dev/lib/hook.js:63:13)
    at Module.load (node:internal/modules/cjs/loader:981:32)
    at Function.Module._load (node:internal/modules/cjs/loader:822:12)
2023-01-24 20:31:47 error: uncaughtException: ⨯ Unable to compile TypeScript:
src/user/user.controller.ts(24,11): error TS1155: 'const' declarations must be initialized.
src/user/user.controller.ts(24,11): error TS7005: Variable 'user' implicitly has an 'any' type.

Error: ⨯ Unable to compile TypeScript:
src/user/user.controller.ts(24,11): error TS1155: 'const' declarations must be initialized.
src/user/user.controller.ts(24,11): error TS7005: Variable 'user' implicitly has an 'any' type.

    at Object.<anonymous> (/home/rabindranath/Documents/Backend/yt-node-api-ts-oop/src/user/user.controller.ts:1:7)
    at Module._compile (node:internal/modules/cjs/loader:1105:14)
    at Module._compile (/home/rabindranath/Documents/Backend/yt-node-api-ts-oop/node_modules/source-map-support/source-map-support.js:568:25)
    at Module.m._compile (/tmp/ts-node-dev-hook-533436385109767.js:69:33)
    at Module._extensions..js (node:internal/modules/cjs/loader:1159:10)
    at require.extensions..jsx.require.extensions..js (/tmp/ts-node-dev-hook-533436385109767.js:114:20)
    at require.extensions.<computed> (/tmp/ts-node-dev-hook-533436385109767.js:71:20)
    at Object.nodeDevHook [as .ts] (/home/rabindranath/Documents/Backend/yt-node-api-ts-oop/node_modules/ts-node-dev/lib/hook.js:63:13)
    at Module.load (node:internal/modules/cjs/loader:981:32)
    at Function.Module._load (node:internal/modules/cjs/loader:822:12)
2023-01-24 20:31:56 error: uncaughtException: ⨯ Unable to compile TypeScript:
src/user/user.controller.ts(24,29): error TS1003: Identifier expected.

Error: ⨯ Unable to compile TypeScript:
src/user/user.controller.ts(24,29): error TS1003: Identifier expected.

    at Object.<anonymous> (/home/rabindranath/Documents/Backend/yt-node-api-ts-oop/src/user/user.controller.ts:1:7)
    at Module._compile (node:internal/modules/cjs/loader:1105:14)
    at Module._compile (/home/rabindranath/Documents/Backend/yt-node-api-ts-oop/node_modules/source-map-support/source-map-support.js:568:25)
    at Module.m._compile (/tmp/ts-node-dev-hook-533436385109767.js:69:33)
    at Module._extensions..js (node:internal/modules/cjs/loader:1159:10)
    at require.extensions..jsx.require.extensions..js (/tmp/ts-node-dev-hook-533436385109767.js:114:20)
    at require.extensions.<computed> (/tmp/ts-node-dev-hook-533436385109767.js:71:20)
    at Object.nodeDevHook [as .ts] (/home/rabindranath/Documents/Backend/yt-node-api-ts-oop/node_modules/ts-node-dev/lib/hook.js:63:13)
    at Module.load (node:internal/modules/cjs/loader:981:32)
    at Function.Module._load (node:internal/modules/cjs/loader:822:12)
2023-01-24 20:31:56 error: uncaughtException: write EPIPE
Error: write EPIPE
    at process.target._send (node:internal/child_process:866:20)
    at process.target.send (node:internal/child_process:739:19)
    at Object.exports.send (/home/rabindranath/Documents/Backend/yt-node-api-ts-oop/node_modules/ts-node-dev/lib/ipc.js:17:14)
    at process.<anonymous> (/home/rabindranath/Documents/Backend/yt-node-api-ts-oop/node_modules/ts-node-dev/lib/wrap.js:78:9)
    at process.emit (node:events:539:35)
    at process.emit (/home/rabindranath/Documents/Backend/yt-node-api-ts-oop/node_modules/source-map-support/source-map-support.js:516:21)
    at process._fatalException (node:internal/process/execution:167:25)
2023-01-24 20:31:58 error: uncaughtException: ⨯ Unable to compile TypeScript:
src/user/user.controller.ts(24,41): error TS1003: Identifier expected.

Error: ⨯ Unable to compile TypeScript:
src/user/user.controller.ts(24,41): error TS1003: Identifier expected.

    at Object.<anonymous> (/home/rabindranath/Documents/Backend/yt-node-api-ts-oop/src/user/user.controller.ts:1:7)
    at Module._compile (node:internal/modules/cjs/loader:1105:14)
    at Module._compile (/home/rabindranath/Documents/Backend/yt-node-api-ts-oop/node_modules/source-map-support/source-map-support.js:568:25)
    at Module.m._compile (/tmp/ts-node-dev-hook-533436385109767.js:69:33)
    at Module._extensions..js (node:internal/modules/cjs/loader:1159:10)
    at require.extensions..jsx.require.extensions..js (/tmp/ts-node-dev-hook-533436385109767.js:114:20)
    at require.extensions.<computed> (/tmp/ts-node-dev-hook-533436385109767.js:71:20)
    at Object.nodeDevHook [as .ts] (/home/rabindranath/Documents/Backend/yt-node-api-ts-oop/node_modules/ts-node-dev/lib/hook.js:63:13)
    at Module.load (node:internal/modules/cjs/loader:981:32)
    at Function.Module._load (node:internal/modules/cjs/loader:822:12)
2023-01-24 20:32:03 error: uncaughtException: ⨯ Unable to compile TypeScript:
src/user/user.controller.ts(24,53): error TS2304: Cannot find name 'u'.

Error: ⨯ Unable to compile TypeScript:
src/user/user.controller.ts(24,53): error TS2304: Cannot find name 'u'.

    at Object.<anonymous> (/home/rabindranath/Documents/Backend/yt-node-api-ts-oop/src/user/user.controller.ts:1:7)
    at Module._compile (node:internal/modules/cjs/loader:1105:14)
    at Module._compile (/home/rabindranath/Documents/Backend/yt-node-api-ts-oop/node_modules/source-map-support/source-map-support.js:568:25)
    at Module.m._compile (/tmp/ts-node-dev-hook-533436385109767.js:69:33)
    at Module._extensions..js (node:internal/modules/cjs/loader:1159:10)
    at require.extensions..jsx.require.extensions..js (/tmp/ts-node-dev-hook-533436385109767.js:114:20)
    at require.extensions.<computed> (/tmp/ts-node-dev-hook-533436385109767.js:71:20)
    at Object.nodeDevHook [as .ts] (/home/rabindranath/Documents/Backend/yt-node-api-ts-oop/node_modules/ts-node-dev/lib/hook.js:63:13)
    at Module.load (node:internal/modules/cjs/loader:981:32)
    at Function.Module._load (node:internal/modules/cjs/loader:822:12)
