2023-03-21 00:49:21 error: uncaughtException: ER_NO_DEFAULT_FOR_FIELD: Field 'last_name' doesn't have a default value
QueryFailedError: ER_NO_DEFAULT_FOR_FIELD: Field 'last_name' doesn't have a default value
    at Query.<anonymous> (/home/rabindranath/Documents/Backend/yt-node-api-ts-oop/src/driver/mysql/MysqlQueryRunner.ts:222:33)
    at Query.<anonymous> (/home/rabindranath/Documents/Backend/yt-node-api-ts-oop/node_modules/mysql/lib/Connection.js:526:10)
    at Query._callback (/home/rabindranath/Documents/Backend/yt-node-api-ts-oop/node_modules/mysql/lib/Connection.js:488:16)
    at Query.Sequence.end (/home/rabindranath/Documents/Backend/yt-node-api-ts-oop/node_modules/mysql/lib/protocol/sequences/Sequence.js:83:24)
    at Query.ErrorPacket (/home/rabindranath/Documents/Backend/yt-node-api-ts-oop/node_modules/mysql/lib/protocol/sequences/Query.js:92:8)
    at Protocol._parsePacket (/home/rabindranath/Documents/Backend/yt-node-api-ts-oop/node_modules/mysql/lib/protocol/Protocol.js:291:23)
    at Parser._parsePacket (/home/rabindranath/Documents/Backend/yt-node-api-ts-oop/node_modules/mysql/lib/protocol/Parser.js:433:10)
    at Parser.write (/home/rabindranath/Documents/Backend/yt-node-api-ts-oop/node_modules/mysql/lib/protocol/Parser.js:43:10)
    at Protocol.write (/home/rabindranath/Documents/Backend/yt-node-api-ts-oop/node_modules/mysql/lib/protocol/Protocol.js:38:16)
    at Socket.<anonymous> (/home/rabindranath/Documents/Backend/yt-node-api-ts-oop/node_modules/mysql/lib/Connection.js:88:28)
2023-03-21 00:50:06 error: uncaughtException: ER_NO_DEFAULT_FOR_FIELD: Field 'last_name' doesn't have a default value
QueryFailedError: ER_NO_DEFAULT_FOR_FIELD: Field 'last_name' doesn't have a default value
    at Query.<anonymous> (/home/rabindranath/Documents/Backend/yt-node-api-ts-oop/src/driver/mysql/MysqlQueryRunner.ts:222:33)
    at Query.<anonymous> (/home/rabindranath/Documents/Backend/yt-node-api-ts-oop/node_modules/mysql/lib/Connection.js:526:10)
    at Query._callback (/home/rabindranath/Documents/Backend/yt-node-api-ts-oop/node_modules/mysql/lib/Connection.js:488:16)
    at Query.Sequence.end (/home/rabindranath/Documents/Backend/yt-node-api-ts-oop/node_modules/mysql/lib/protocol/sequences/Sequence.js:83:24)
    at Query.ErrorPacket (/home/rabindranath/Documents/Backend/yt-node-api-ts-oop/node_modules/mysql/lib/protocol/sequences/Query.js:92:8)
    at Protocol._parsePacket (/home/rabindranath/Documents/Backend/yt-node-api-ts-oop/node_modules/mysql/lib/protocol/Protocol.js:291:23)
    at Parser._parsePacket (/home/rabindranath/Documents/Backend/yt-node-api-ts-oop/node_modules/mysql/lib/protocol/Parser.js:433:10)
    at Parser.write (/home/rabindranath/Documents/Backend/yt-node-api-ts-oop/node_modules/mysql/lib/protocol/Parser.js:43:10)
    at Protocol.write (/home/rabindranath/Documents/Backend/yt-node-api-ts-oop/node_modules/mysql/lib/protocol/Protocol.js:38:16)
    at Socket.<anonymous> (/home/rabindranath/Documents/Backend/yt-node-api-ts-oop/node_modules/mysql/lib/Connection.js:88:28)
2023-03-21 00:51:21 error: uncaughtException: ⨯ Unable to compile TypeScript:
src/user/user.service.ts(42,44): error TS2304: Cannot find name 'newUser'.

Error: ⨯ Unable to compile TypeScript:
src/user/user.service.ts(42,44): error TS2304: Cannot find name 'newUser'.

    at Object.<anonymous> (/home/rabindranath/Documents/Backend/yt-node-api-ts-oop/src/user/user.service.ts:1:7)
    at Module._compile (node:internal/modules/cjs/loader:1105:14)
    at Module._compile (/home/rabindranath/Documents/Backend/yt-node-api-ts-oop/node_modules/source-map-support/source-map-support.js:568:25)
    at Module.m._compile (/tmp/ts-node-dev-hook-07391857303103322.js:69:33)
    at Module._extensions..js (node:internal/modules/cjs/loader:1159:10)
    at require.extensions..jsx.require.extensions..js (/tmp/ts-node-dev-hook-07391857303103322.js:114:20)
    at require.extensions.<computed> (/tmp/ts-node-dev-hook-07391857303103322.js:71:20)
    at Object.nodeDevHook [as .ts] (/home/rabindranath/Documents/Backend/yt-node-api-ts-oop/node_modules/ts-node-dev/lib/hook.js:63:13)
    at Module.load (node:internal/modules/cjs/loader:981:32)
    at Function.Module._load (node:internal/modules/cjs/loader:822:12)
2023-03-21 00:53:51 error: uncaughtException: ER_NO_DEFAULT_FOR_FIELD: Field 'created_at' doesn't have a default value
QueryFailedError: ER_NO_DEFAULT_FOR_FIELD: Field 'created_at' doesn't have a default value
    at Query.<anonymous> (/home/rabindranath/Documents/Backend/yt-node-api-ts-oop/src/driver/mysql/MysqlQueryRunner.ts:222:33)
    at Query.<anonymous> (/home/rabindranath/Documents/Backend/yt-node-api-ts-oop/node_modules/mysql/lib/Connection.js:526:10)
    at Query._callback (/home/rabindranath/Documents/Backend/yt-node-api-ts-oop/node_modules/mysql/lib/Connection.js:488:16)
    at Query.Sequence.end (/home/rabindranath/Documents/Backend/yt-node-api-ts-oop/node_modules/mysql/lib/protocol/sequences/Sequence.js:83:24)
    at Query.ErrorPacket (/home/rabindranath/Documents/Backend/yt-node-api-ts-oop/node_modules/mysql/lib/protocol/sequences/Query.js:92:8)
    at Protocol._parsePacket (/home/rabindranath/Documents/Backend/yt-node-api-ts-oop/node_modules/mysql/lib/protocol/Protocol.js:291:23)
    at Parser._parsePacket (/home/rabindranath/Documents/Backend/yt-node-api-ts-oop/node_modules/mysql/lib/protocol/Parser.js:433:10)
    at Parser.write (/home/rabindranath/Documents/Backend/yt-node-api-ts-oop/node_modules/mysql/lib/protocol/Parser.js:43:10)
    at Protocol.write (/home/rabindranath/Documents/Backend/yt-node-api-ts-oop/node_modules/mysql/lib/protocol/Protocol.js:38:16)
    at Socket.<anonymous> (/home/rabindranath/Documents/Backend/yt-node-api-ts-oop/node_modules/mysql/lib/Connection.js:88:28)
2023-03-21 00:57:39 error: uncaughtException: ER_NO_DEFAULT_FOR_FIELD: Field 'created_at' doesn't have a default value
QueryFailedError: ER_NO_DEFAULT_FOR_FIELD: Field 'created_at' doesn't have a default value
    at Query.<anonymous> (/home/rabindranath/Documents/Backend/yt-node-api-ts-oop/src/driver/mysql/MysqlQueryRunner.ts:222:33)
    at Query.<anonymous> (/home/rabindranath/Documents/Backend/yt-node-api-ts-oop/node_modules/mysql/lib/Connection.js:526:10)
    at Query._callback (/home/rabindranath/Documents/Backend/yt-node-api-ts-oop/node_modules/mysql/lib/Connection.js:488:16)
    at Query.Sequence.end (/home/rabindranath/Documents/Backend/yt-node-api-ts-oop/node_modules/mysql/lib/protocol/sequences/Sequence.js:83:24)
    at Query.ErrorPacket (/home/rabindranath/Documents/Backend/yt-node-api-ts-oop/node_modules/mysql/lib/protocol/sequences/Query.js:92:8)
    at Protocol._parsePacket (/home/rabindranath/Documents/Backend/yt-node-api-ts-oop/node_modules/mysql/lib/protocol/Protocol.js:291:23)
    at Parser._parsePacket (/home/rabindranath/Documents/Backend/yt-node-api-ts-oop/node_modules/mysql/lib/protocol/Parser.js:433:10)
    at Parser.write (/home/rabindranath/Documents/Backend/yt-node-api-ts-oop/node_modules/mysql/lib/protocol/Parser.js:43:10)
    at Protocol.write (/home/rabindranath/Documents/Backend/yt-node-api-ts-oop/node_modules/mysql/lib/protocol/Protocol.js:38:16)
    at Socket.<anonymous> (/home/rabindranath/Documents/Backend/yt-node-api-ts-oop/node_modules/mysql/lib/Connection.js:88:28)
2023-03-21 01:04:36 error: uncaughtException: ER_NO_DEFAULT_FOR_FIELD: Field 'created_at' doesn't have a default value
QueryFailedError: ER_NO_DEFAULT_FOR_FIELD: Field 'created_at' doesn't have a default value
    at Query.<anonymous> (/home/rabindranath/Documents/Backend/yt-node-api-ts-oop/src/driver/mysql/MysqlQueryRunner.ts:222:33)
    at Query.<anonymous> (/home/rabindranath/Documents/Backend/yt-node-api-ts-oop/node_modules/mysql/lib/Connection.js:526:10)
    at Query._callback (/home/rabindranath/Documents/Backend/yt-node-api-ts-oop/node_modules/mysql/lib/Connection.js:488:16)
    at Query.Sequence.end (/home/rabindranath/Documents/Backend/yt-node-api-ts-oop/node_modules/mysql/lib/protocol/sequences/Sequence.js:83:24)
    at Query.ErrorPacket (/home/rabindranath/Documents/Backend/yt-node-api-ts-oop/node_modules/mysql/lib/protocol/sequences/Query.js:92:8)
    at Protocol._parsePacket (/home/rabindranath/Documents/Backend/yt-node-api-ts-oop/node_modules/mysql/lib/protocol/Protocol.js:291:23)
    at Parser._parsePacket (/home/rabindranath/Documents/Backend/yt-node-api-ts-oop/node_modules/mysql/lib/protocol/Parser.js:433:10)
    at Parser.write (/home/rabindranath/Documents/Backend/yt-node-api-ts-oop/node_modules/mysql/lib/protocol/Parser.js:43:10)
    at Protocol.write (/home/rabindranath/Documents/Backend/yt-node-api-ts-oop/node_modules/mysql/lib/protocol/Protocol.js:38:16)
    at Socket.<anonymous> (/home/rabindranath/Documents/Backend/yt-node-api-ts-oop/node_modules/mysql/lib/Connection.js:88:28)
2023-03-21 01:07:37 error: uncaughtException: ⨯ Unable to compile TypeScript:
src/user/user.service.ts(39,16): error TS7030: Not all code paths return a value.

Error: ⨯ Unable to compile TypeScript:
src/user/user.service.ts(39,16): error TS7030: Not all code paths return a value.

    at Object.<anonymous> (/home/rabindranath/Documents/Backend/yt-node-api-ts-oop/src/user/user.service.ts:1:7)
    at Module._compile (node:internal/modules/cjs/loader:1105:14)
    at Module._compile (/home/rabindranath/Documents/Backend/yt-node-api-ts-oop/node_modules/source-map-support/source-map-support.js:568:25)
    at Module.m._compile (/tmp/ts-node-dev-hook-07391857303103322.js:69:33)
    at Module._extensions..js (node:internal/modules/cjs/loader:1159:10)
    at require.extensions..jsx.require.extensions..js (/tmp/ts-node-dev-hook-07391857303103322.js:114:20)
    at require.extensions.<computed> (/tmp/ts-node-dev-hook-07391857303103322.js:71:20)
    at Object.nodeDevHook [as .ts] (/home/rabindranath/Documents/Backend/yt-node-api-ts-oop/node_modules/ts-node-dev/lib/hook.js:63:13)
    at Module.load (node:internal/modules/cjs/loader:981:32)
    at Function.Module._load (node:internal/modules/cjs/loader:822:12)
2023-03-21 01:07:45 error: uncaughtException: ⨯ Unable to compile TypeScript:
src/user/user.service.ts(39,16): error TS7030: Not all code paths return a value.

Error: ⨯ Unable to compile TypeScript:
src/user/user.service.ts(39,16): error TS7030: Not all code paths return a value.

    at Object.<anonymous> (/home/rabindranath/Documents/Backend/yt-node-api-ts-oop/src/user/user.service.ts:1:7)
    at Module._compile (node:internal/modules/cjs/loader:1105:14)
    at Module._compile (/home/rabindranath/Documents/Backend/yt-node-api-ts-oop/node_modules/source-map-support/source-map-support.js:568:25)
    at Module.m._compile (/tmp/ts-node-dev-hook-07391857303103322.js:69:33)
    at Module._extensions..js (node:internal/modules/cjs/loader:1159:10)
    at require.extensions..jsx.require.extensions..js (/tmp/ts-node-dev-hook-07391857303103322.js:114:20)
    at require.extensions.<computed> (/tmp/ts-node-dev-hook-07391857303103322.js:71:20)
    at Object.nodeDevHook [as .ts] (/home/rabindranath/Documents/Backend/yt-node-api-ts-oop/node_modules/ts-node-dev/lib/hook.js:63:13)
    at Module.load (node:internal/modules/cjs/loader:981:32)
    at Function.Module._load (node:internal/modules/cjs/loader:822:12)
2023-03-21 01:08:06 error: uncaughtException: ER_NO_DEFAULT_FOR_FIELD: Field 'created_at' doesn't have a default value
QueryFailedError: ER_NO_DEFAULT_FOR_FIELD: Field 'created_at' doesn't have a default value
    at Query.<anonymous> (/home/rabindranath/Documents/Backend/yt-node-api-ts-oop/src/driver/mysql/MysqlQueryRunner.ts:222:33)
    at Query.<anonymous> (/home/rabindranath/Documents/Backend/yt-node-api-ts-oop/node_modules/mysql/lib/Connection.js:526:10)
    at Query._callback (/home/rabindranath/Documents/Backend/yt-node-api-ts-oop/node_modules/mysql/lib/Connection.js:488:16)
    at Query.Sequence.end (/home/rabindranath/Documents/Backend/yt-node-api-ts-oop/node_modules/mysql/lib/protocol/sequences/Sequence.js:83:24)
    at Query.ErrorPacket (/home/rabindranath/Documents/Backend/yt-node-api-ts-oop/node_modules/mysql/lib/protocol/sequences/Query.js:92:8)
    at Protocol._parsePacket (/home/rabindranath/Documents/Backend/yt-node-api-ts-oop/node_modules/mysql/lib/protocol/Protocol.js:291:23)
    at Parser._parsePacket (/home/rabindranath/Documents/Backend/yt-node-api-ts-oop/node_modules/mysql/lib/protocol/Parser.js:433:10)
    at Parser.write (/home/rabindranath/Documents/Backend/yt-node-api-ts-oop/node_modules/mysql/lib/protocol/Parser.js:43:10)
    at Protocol.write (/home/rabindranath/Documents/Backend/yt-node-api-ts-oop/node_modules/mysql/lib/protocol/Protocol.js:38:16)
    at Socket.<anonymous> (/home/rabindranath/Documents/Backend/yt-node-api-ts-oop/node_modules/mysql/lib/Connection.js:88:28)
2023-03-21 01:09:19 error: uncaughtException: ⨯ Unable to compile TypeScript:
src/user/user.controller.ts(31,30): error TS6133: 'req' is declared but its value is never read.
src/user/user.controller.ts(33,55): error TS2304: Cannot find name 'userBody'.

Error: ⨯ Unable to compile TypeScript:
src/user/user.controller.ts(31,30): error TS6133: 'req' is declared but its value is never read.
src/user/user.controller.ts(33,55): error TS2304: Cannot find name 'userBody'.

    at Object.<anonymous> (/home/rabindranath/Documents/Backend/yt-node-api-ts-oop/src/user/user.controller.ts:1:7)
    at Module._compile (node:internal/modules/cjs/loader:1105:14)
    at Module._compile (/home/rabindranath/Documents/Backend/yt-node-api-ts-oop/node_modules/source-map-support/source-map-support.js:568:25)
    at Module.m._compile (/tmp/ts-node-dev-hook-07391857303103322.js:69:33)
    at Module._extensions..js (node:internal/modules/cjs/loader:1159:10)
    at require.extensions..jsx.require.extensions..js (/tmp/ts-node-dev-hook-07391857303103322.js:114:20)
    at require.extensions.<computed> (/tmp/ts-node-dev-hook-07391857303103322.js:71:20)
    at Object.nodeDevHook [as .ts] (/home/rabindranath/Documents/Backend/yt-node-api-ts-oop/node_modules/ts-node-dev/lib/hook.js:63:13)
    at Module.load (node:internal/modules/cjs/loader:981:32)
    at Function.Module._load (node:internal/modules/cjs/loader:822:12)
2023-03-21 01:09:34 error: uncaughtException: ER_NO_DEFAULT_FOR_FIELD: Field 'created_at' doesn't have a default value
QueryFailedError: ER_NO_DEFAULT_FOR_FIELD: Field 'created_at' doesn't have a default value
    at Query.<anonymous> (/home/rabindranath/Documents/Backend/yt-node-api-ts-oop/src/driver/mysql/MysqlQueryRunner.ts:222:33)
    at Query.<anonymous> (/home/rabindranath/Documents/Backend/yt-node-api-ts-oop/node_modules/mysql/lib/Connection.js:526:10)
    at Query._callback (/home/rabindranath/Documents/Backend/yt-node-api-ts-oop/node_modules/mysql/lib/Connection.js:488:16)
    at Query.Sequence.end (/home/rabindranath/Documents/Backend/yt-node-api-ts-oop/node_modules/mysql/lib/protocol/sequences/Sequence.js:83:24)
    at Query.ErrorPacket (/home/rabindranath/Documents/Backend/yt-node-api-ts-oop/node_modules/mysql/lib/protocol/sequences/Query.js:92:8)
    at Protocol._parsePacket (/home/rabindranath/Documents/Backend/yt-node-api-ts-oop/node_modules/mysql/lib/protocol/Protocol.js:291:23)
    at Parser._parsePacket (/home/rabindranath/Documents/Backend/yt-node-api-ts-oop/node_modules/mysql/lib/protocol/Parser.js:433:10)
    at Parser.write (/home/rabindranath/Documents/Backend/yt-node-api-ts-oop/node_modules/mysql/lib/protocol/Parser.js:43:10)
    at Protocol.write (/home/rabindranath/Documents/Backend/yt-node-api-ts-oop/node_modules/mysql/lib/protocol/Protocol.js:38:16)
    at Socket.<anonymous> (/home/rabindranath/Documents/Backend/yt-node-api-ts-oop/node_modules/mysql/lib/Connection.js:88:28)
2023-03-21 01:13:27 error: uncaughtException: ⨯ Unable to compile TypeScript:
src/user/entities/user.entity.ts(27,4): error TS2304: Cannot find name 'CreateDateColumn'.

Error: ⨯ Unable to compile TypeScript:
src/user/entities/user.entity.ts(27,4): error TS2304: Cannot find name 'CreateDateColumn'.

    at Object.<anonymous> (/home/rabindranath/Documents/Backend/yt-node-api-ts-oop/src/user/entities/user.entity.ts:1:7)
    at Module._compile (node:internal/modules/cjs/loader:1105:14)
    at Module._compile (/home/rabindranath/Documents/Backend/yt-node-api-ts-oop/node_modules/source-map-support/source-map-support.js:568:25)
    at Module.m._compile (/tmp/ts-node-dev-hook-07391857303103322.js:69:33)
    at Module._extensions..js (node:internal/modules/cjs/loader:1159:10)
    at require.extensions..jsx.require.extensions..js (/tmp/ts-node-dev-hook-07391857303103322.js:114:20)
    at require.extensions.<computed> (/tmp/ts-node-dev-hook-07391857303103322.js:71:20)
    at Object.nodeDevHook [as .ts] (/home/rabindranath/Documents/Backend/yt-node-api-ts-oop/node_modules/ts-node-dev/lib/hook.js:63:13)
    at Module.load (node:internal/modules/cjs/loader:981:32)
    at Function.Module._load (node:internal/modules/cjs/loader:822:12)
