2023-03-23 01:03:13 error: uncaughtException: Cannot enqueue Query after invoking quit.
QueryFailedError: Cannot enqueue Query after invoking quit.
    at Query.<anonymous> (/home/rabindranath/Documents/Backend/yt-node-api-ts-oop/src/driver/mysql/MysqlQueryRunner.ts:222:33)
    at Query.<anonymous> (/home/rabindranath/Documents/Backend/yt-node-api-ts-oop/node_modules/mysql/lib/Connection.js:526:10)
    at Query._callback (/home/rabindranath/Documents/Backend/yt-node-api-ts-oop/node_modules/mysql/lib/Connection.js:488:16)
    at Query.Sequence.end (/home/rabindranath/Documents/Backend/yt-node-api-ts-oop/node_modules/mysql/lib/protocol/sequences/Sequence.js:83:24)
    at /home/rabindranath/Documents/Backend/yt-node-api-ts-oop/node_modules/mysql/lib/protocol/Protocol.js:236:14
    at processTicksAndRejections (node:internal/process/task_queues:78:11)
2023-03-23 01:03:13 error: uncaughtException: ER_TABLE_EXISTS_ERROR: Table 'testimonial_usage' already exists
QueryFailedError: ER_TABLE_EXISTS_ERROR: Table 'testimonial_usage' already exists
    at Query.<anonymous> (/home/rabindranath/Documents/Backend/yt-node-api-ts-oop/src/driver/mysql/MysqlQueryRunner.ts:222:33)
    at Query.<anonymous> (/home/rabindranath/Documents/Backend/yt-node-api-ts-oop/node_modules/mysql/lib/Connection.js:526:10)
    at Query._callback (/home/rabindranath/Documents/Backend/yt-node-api-ts-oop/node_modules/mysql/lib/Connection.js:488:16)
    at Query.Sequence.end (/home/rabindranath/Documents/Backend/yt-node-api-ts-oop/node_modules/mysql/lib/protocol/sequences/Sequence.js:83:24)
    at Query.ErrorPacket (/home/rabindranath/Documents/Backend/yt-node-api-ts-oop/node_modules/mysql/lib/protocol/sequences/Query.js:92:8)
    at Protocol._parsePacket (/home/rabindranath/Documents/Backend/yt-node-api-ts-oop/node_modules/mysql/lib/protocol/Protocol.js:291:23)
    at Parser._parsePacket (/home/rabindranath/Documents/Backend/yt-node-api-ts-oop/node_modules/mysql/lib/protocol/Parser.js:433:10)
    at Parser.write (/home/rabindranath/Documents/Backend/yt-node-api-ts-oop/node_modules/mysql/lib/protocol/Parser.js:43:10)
    at Protocol.write (/home/rabindranath/Documents/Backend/yt-node-api-ts-oop/node_modules/mysql/lib/protocol/Protocol.js:38:16)
    at Socket.<anonymous> (/home/rabindranath/Documents/Backend/yt-node-api-ts-oop/node_modules/mysql/lib/Connection.js:88:28)
2023-03-23 01:04:11 error: uncaughtException: Cannot execute operation on "default" connection because connection is not yet established.
CannotExecuteNotConnectedError: Cannot execute operation on "default" connection because connection is not yet established.
    at DataSource.destroy (/home/rabindranath/Documents/Backend/yt-node-api-ts-oop/src/data-source/DataSource.ts:285:19)
    at DataSource.close (/home/rabindranath/Documents/Backend/yt-node-api-ts-oop/src/data-source/DataSource.ts:302:21)
    at DataSource.initialize (/home/rabindranath/Documents/Backend/yt-node-api-ts-oop/src/data-source/DataSource.ts:260:24)
    at processTicksAndRejections (node:internal/process/task_queues:96:5)
    at CustomerService.initRepository (/home/rabindranath/Documents/Backend/yt-node-api-ts-oop/src/config/base.service.ts:12:24)
2023-03-23 01:04:11 error: uncaughtException: ER_TABLE_EXISTS_ERROR: Table 'customer' already exists
QueryFailedError: ER_TABLE_EXISTS_ERROR: Table 'customer' already exists
    at Query.<anonymous> (/home/rabindranath/Documents/Backend/yt-node-api-ts-oop/src/driver/mysql/MysqlQueryRunner.ts:222:33)
    at Query.<anonymous> (/home/rabindranath/Documents/Backend/yt-node-api-ts-oop/node_modules/mysql/lib/Connection.js:526:10)
    at Query._callback (/home/rabindranath/Documents/Backend/yt-node-api-ts-oop/node_modules/mysql/lib/Connection.js:488:16)
    at Query.Sequence.end (/home/rabindranath/Documents/Backend/yt-node-api-ts-oop/node_modules/mysql/lib/protocol/sequences/Sequence.js:83:24)
    at Query.ErrorPacket (/home/rabindranath/Documents/Backend/yt-node-api-ts-oop/node_modules/mysql/lib/protocol/sequences/Query.js:92:8)
    at Protocol._parsePacket (/home/rabindranath/Documents/Backend/yt-node-api-ts-oop/node_modules/mysql/lib/protocol/Protocol.js:291:23)
    at Parser._parsePacket (/home/rabindranath/Documents/Backend/yt-node-api-ts-oop/node_modules/mysql/lib/protocol/Parser.js:433:10)
    at Parser.write (/home/rabindranath/Documents/Backend/yt-node-api-ts-oop/node_modules/mysql/lib/protocol/Parser.js:43:10)
    at Protocol.write (/home/rabindranath/Documents/Backend/yt-node-api-ts-oop/node_modules/mysql/lib/protocol/Protocol.js:38:16)
    at Socket.<anonymous> (/home/rabindranath/Documents/Backend/yt-node-api-ts-oop/node_modules/mysql/lib/Connection.js:88:28)
2023-03-23 01:06:52 error: uncaughtException: Cannot read properties of undefined (reading 'customerService')
TypeError: Cannot read properties of undefined (reading 'customerService')
    at getAllCustomers (/home/rabindranath/Documents/Backend/yt-node-api-ts-oop/src/customer/customer.controller.ts:8:34)
    at Layer.handle [as handle_request] (/home/rabindranath/Documents/Backend/yt-node-api-ts-oop/node_modules/express/lib/router/layer.js:95:5)
    at next (/home/rabindranath/Documents/Backend/yt-node-api-ts-oop/node_modules/express/lib/router/route.js:144:13)
    at Route.dispatch (/home/rabindranath/Documents/Backend/yt-node-api-ts-oop/node_modules/express/lib/router/route.js:114:3)
    at Layer.handle [as handle_request] (/home/rabindranath/Documents/Backend/yt-node-api-ts-oop/node_modules/express/lib/router/layer.js:95:5)
    at /home/rabindranath/Documents/Backend/yt-node-api-ts-oop/node_modules/express/lib/router/index.js:284:15
    at Function.process_params (/home/rabindranath/Documents/Backend/yt-node-api-ts-oop/node_modules/express/lib/router/index.js:346:12)
    at next (/home/rabindranath/Documents/Backend/yt-node-api-ts-oop/node_modules/express/lib/router/index.js:280:10)
    at Function.handle (/home/rabindranath/Documents/Backend/yt-node-api-ts-oop/node_modules/express/lib/router/index.js:175:3)
    at router (/home/rabindranath/Documents/Backend/yt-node-api-ts-oop/node_modules/express/lib/router/index.js:47:12)
2023-03-23 01:07:36 error: uncaughtException: write EPIPE
Error: write EPIPE
    at process.target._send (node:internal/child_process:866:20)
    at process.target.send (node:internal/child_process:739:19)
    at compile (/tmp/ts-node-dev-hook-2500234696066548.js:46:21)
    at Module.m._compile (/tmp/ts-node-dev-hook-2500234696066548.js:69:44)
    at Module._extensions..js (node:internal/modules/cjs/loader:1159:10)
    at require.extensions..jsx.require.extensions..js (/tmp/ts-node-dev-hook-2500234696066548.js:114:20)
    at require.extensions.<computed> (/tmp/ts-node-dev-hook-2500234696066548.js:71:20)
    at Object.nodeDevHook [as .ts] (/home/rabindranath/Documents/Backend/yt-node-api-ts-oop/node_modules/ts-node-dev/lib/hook.js:63:13)
    at Module.load (node:internal/modules/cjs/loader:981:32)
    at Function.Module._load (node:internal/modules/cjs/loader:822:12)
2023-03-23 01:07:41 error: uncaughtException: Cannot read properties of undefined (reading 'customerService')
TypeError: Cannot read properties of undefined (reading 'customerService')
    at getAllCustomers (/home/rabindranath/Documents/Backend/yt-node-api-ts-oop/src/customer/customer.controller.ts:9:34)
    at Layer.handle [as handle_request] (/home/rabindranath/Documents/Backend/yt-node-api-ts-oop/node_modules/express/lib/router/layer.js:95:5)
    at next (/home/rabindranath/Documents/Backend/yt-node-api-ts-oop/node_modules/express/lib/router/route.js:144:13)
    at Route.dispatch (/home/rabindranath/Documents/Backend/yt-node-api-ts-oop/node_modules/express/lib/router/route.js:114:3)
    at Layer.handle [as handle_request] (/home/rabindranath/Documents/Backend/yt-node-api-ts-oop/node_modules/express/lib/router/layer.js:95:5)
    at /home/rabindranath/Documents/Backend/yt-node-api-ts-oop/node_modules/express/lib/router/index.js:284:15
    at Function.process_params (/home/rabindranath/Documents/Backend/yt-node-api-ts-oop/node_modules/express/lib/router/index.js:346:12)
    at next (/home/rabindranath/Documents/Backend/yt-node-api-ts-oop/node_modules/express/lib/router/index.js:280:10)
    at Function.handle (/home/rabindranath/Documents/Backend/yt-node-api-ts-oop/node_modules/express/lib/router/index.js:175:3)
    at router (/home/rabindranath/Documents/Backend/yt-node-api-ts-oop/node_modules/express/lib/router/index.js:47:12)
2023-03-23 01:11:28 error: uncaughtException: ⨯ Unable to compile TypeScript:
src/customer/customer.controller.ts(8,34): error TS2339: Property 'customerService' does not exist on type 'CustomerController'.
src/customer/customer.controller.ts(14,33): error TS2339: Property 'customerService' does not exist on type 'CustomerController'.
src/customer/customer.controller.ts(20,36): error TS2339: Property 'customerService' does not exist on type 'CustomerController'.
src/customer/customer.controller.ts(27,36): error TS2339: Property 'customerService' does not exist on type 'CustomerController'.
src/customer/customer.controller.ts(33,40): error TS2339: Property 'customerService' does not exist on type 'CustomerController'.

Error: ⨯ Unable to compile TypeScript:
src/customer/customer.controller.ts(8,34): error TS2339: Property 'customerService' does not exist on type 'CustomerController'.
src/customer/customer.controller.ts(14,33): error TS2339: Property 'customerService' does not exist on type 'CustomerController'.
src/customer/customer.controller.ts(20,36): error TS2339: Property 'customerService' does not exist on type 'CustomerController'.
src/customer/customer.controller.ts(27,36): error TS2339: Property 'customerService' does not exist on type 'CustomerController'.
src/customer/customer.controller.ts(33,40): error TS2339: Property 'customerService' does not exist on type 'CustomerController'.

    at Object.<anonymous> (/home/rabindranath/Documents/Backend/yt-node-api-ts-oop/src/customer/customer.controller.ts:1:7)
    at Module._compile (node:internal/modules/cjs/loader:1105:14)
    at Module._compile (/home/rabindranath/Documents/Backend/yt-node-api-ts-oop/node_modules/source-map-support/source-map-support.js:568:25)
    at Module.m._compile (/tmp/ts-node-dev-hook-2500234696066548.js:69:33)
    at Module._extensions..js (node:internal/modules/cjs/loader:1159:10)
    at require.extensions..jsx.require.extensions..js (/tmp/ts-node-dev-hook-2500234696066548.js:114:20)
    at require.extensions.<computed> (/tmp/ts-node-dev-hook-2500234696066548.js:71:20)
    at Object.nodeDevHook [as .ts] (/home/rabindranath/Documents/Backend/yt-node-api-ts-oop/node_modules/ts-node-dev/lib/hook.js:63:13)
    at Module.load (node:internal/modules/cjs/loader:981:32)
    at Function.Module._load (node:internal/modules/cjs/loader:822:12)
2023-03-23 01:11:45 error: uncaughtException: Cannot read properties of undefined (reading 'customerService')
TypeError: Cannot read properties of undefined (reading 'customerService')
    at getAllCustomers (/home/rabindranath/Documents/Backend/yt-node-api-ts-oop/src/customer/customer.controller.ts:8:34)
    at Layer.handle [as handle_request] (/home/rabindranath/Documents/Backend/yt-node-api-ts-oop/node_modules/express/lib/router/layer.js:95:5)
    at next (/home/rabindranath/Documents/Backend/yt-node-api-ts-oop/node_modules/express/lib/router/route.js:144:13)
    at Route.dispatch (/home/rabindranath/Documents/Backend/yt-node-api-ts-oop/node_modules/express/lib/router/route.js:114:3)
    at Layer.handle [as handle_request] (/home/rabindranath/Documents/Backend/yt-node-api-ts-oop/node_modules/express/lib/router/layer.js:95:5)
    at /home/rabindranath/Documents/Backend/yt-node-api-ts-oop/node_modules/express/lib/router/index.js:284:15
    at Function.process_params (/home/rabindranath/Documents/Backend/yt-node-api-ts-oop/node_modules/express/lib/router/index.js:346:12)
    at next (/home/rabindranath/Documents/Backend/yt-node-api-ts-oop/node_modules/express/lib/router/index.js:280:10)
    at Function.handle (/home/rabindranath/Documents/Backend/yt-node-api-ts-oop/node_modules/express/lib/router/index.js:175:3)
    at router (/home/rabindranath/Documents/Backend/yt-node-api-ts-oop/node_modules/express/lib/router/index.js:47:12)
2023-03-23 01:12:06 error: uncaughtException: customer_service_1.default is not a constructor
TypeError: customer_service_1.default is not a constructor
    at new CustomerController (/home/rabindranath/Documents/Backend/yt-node-api-ts-oop/src/customer/customer.controller.ts:5:67)
    at CustomerRoute.<instance_members_initializer> (/home/rabindranath/Documents/Backend/yt-node-api-ts-oop/src/routes/customer.routes.ts:8:31)
    at new CustomerRoute (/home/rabindranath/Documents/Backend/yt-node-api-ts-oop/src/routes/customer.routes.ts:10:3)
    at Object.<anonymous> (/home/rabindranath/Documents/Backend/yt-node-api-ts-oop/src/index.ts:6:56)
    at Module._compile (node:internal/modules/cjs/loader:1105:14)
    at Module._compile (/home/rabindranath/Documents/Backend/yt-node-api-ts-oop/node_modules/source-map-support/source-map-support.js:568:25)
    at Module.m._compile (/tmp/ts-node-dev-hook-2500234696066548.js:69:33)
    at Module._extensions..js (node:internal/modules/cjs/loader:1159:10)
    at require.extensions..jsx.require.extensions..js (/tmp/ts-node-dev-hook-2500234696066548.js:114:20)
    at require.extensions.<computed> (/tmp/ts-node-dev-hook-2500234696066548.js:71:20)
2023-03-23 01:12:11 error: uncaughtException: customer_service_1.default is not a constructor
TypeError: customer_service_1.default is not a constructor
    at new CustomerController (/home/rabindranath/Documents/Backend/yt-node-api-ts-oop/src/customer/customer.controller.ts:5:67)
    at CustomerRoute.<instance_members_initializer> (/home/rabindranath/Documents/Backend/yt-node-api-ts-oop/src/routes/customer.routes.ts:8:31)
    at new CustomerRoute (/home/rabindranath/Documents/Backend/yt-node-api-ts-oop/src/routes/customer.routes.ts:10:3)
    at Object.<anonymous> (/home/rabindranath/Documents/Backend/yt-node-api-ts-oop/src/index.ts:6:56)
    at Module._compile (node:internal/modules/cjs/loader:1105:14)
    at Module._compile (/home/rabindranath/Documents/Backend/yt-node-api-ts-oop/node_modules/source-map-support/source-map-support.js:568:25)
    at Module.m._compile (/tmp/ts-node-dev-hook-2500234696066548.js:69:33)
    at Module._extensions..js (node:internal/modules/cjs/loader:1159:10)
    at require.extensions..jsx.require.extensions..js (/tmp/ts-node-dev-hook-2500234696066548.js:114:20)
    at require.extensions.<computed> (/tmp/ts-node-dev-hook-2500234696066548.js:71:20)
2023-03-23 01:12:37 error: uncaughtException: ⨯ Unable to compile TypeScript:
src/customer/customer.controller.ts(2,8): error TS2613: Module '"/home/rabindranath/Documents/Backend/yt-node-api-ts-oop/src/customer/customer.service"' has no default export. Did you mean to use 'import { CustomerService } from "/home/rabindranath/Documents/Backend/yt-node-api-ts-oop/src/customer/customer.service"' instead?

Error: ⨯ Unable to compile TypeScript:
src/customer/customer.controller.ts(2,8): error TS2613: Module '"/home/rabindranath/Documents/Backend/yt-node-api-ts-oop/src/customer/customer.service"' has no default export. Did you mean to use 'import { CustomerService } from "/home/rabindranath/Documents/Backend/yt-node-api-ts-oop/src/customer/customer.service"' instead?

    at Object.<anonymous> (/home/rabindranath/Documents/Backend/yt-node-api-ts-oop/src/customer/customer.controller.ts:1:7)
    at Module._compile (node:internal/modules/cjs/loader:1105:14)
    at Module._compile (/home/rabindranath/Documents/Backend/yt-node-api-ts-oop/node_modules/source-map-support/source-map-support.js:568:25)
    at Module.m._compile (/tmp/ts-node-dev-hook-19808092455477833.js:69:33)
    at Module._extensions..js (node:internal/modules/cjs/loader:1159:10)
    at require.extensions..jsx.require.extensions..js (/tmp/ts-node-dev-hook-19808092455477833.js:114:20)
    at require.extensions.<computed> (/tmp/ts-node-dev-hook-19808092455477833.js:71:20)
    at Object.nodeDevHook [as .ts] (/home/rabindranath/Documents/Backend/yt-node-api-ts-oop/node_modules/ts-node-dev/lib/hook.js:63:13)
    at Module.load (node:internal/modules/cjs/loader:981:32)
    at Function.Module._load (node:internal/modules/cjs/loader:822:12)
2023-03-23 01:12:58 error: uncaughtException: ⨯ Unable to compile TypeScript:
src/customer/customer.controller.ts(2,26): error TS2305: Module '"./customer.service"' has no exported member 'from'.
src/customer/customer.controller.ts(2,26): error TS1005: ',' expected.
src/customer/customer.controller.ts(2,31): error TS1005: ',' expected.

Error: ⨯ Unable to compile TypeScript:
src/customer/customer.controller.ts(2,26): error TS2305: Module '"./customer.service"' has no exported member 'from'.
src/customer/customer.controller.ts(2,26): error TS1005: ',' expected.
src/customer/customer.controller.ts(2,31): error TS1005: ',' expected.

    at Object.<anonymous> (/home/rabindranath/Documents/Backend/yt-node-api-ts-oop/src/customer/customer.controller.ts:1:7)
    at Module._compile (node:internal/modules/cjs/loader:1105:14)
    at Module._compile (/home/rabindranath/Documents/Backend/yt-node-api-ts-oop/node_modules/source-map-support/source-map-support.js:568:25)
    at Module.m._compile (/tmp/ts-node-dev-hook-19808092455477833.js:69:33)
    at Module._extensions..js (node:internal/modules/cjs/loader:1159:10)
    at require.extensions..jsx.require.extensions..js (/tmp/ts-node-dev-hook-19808092455477833.js:114:20)
    at require.extensions.<computed> (/tmp/ts-node-dev-hook-19808092455477833.js:71:20)
    at Object.nodeDevHook [as .ts] (/home/rabindranath/Documents/Backend/yt-node-api-ts-oop/node_modules/ts-node-dev/lib/hook.js:63:13)
    at Module.load (node:internal/modules/cjs/loader:981:32)
    at Function.Module._load (node:internal/modules/cjs/loader:822:12)
2023-03-23 01:13:12 error: uncaughtException: ⨯ Unable to compile TypeScript:
src/customer/customer.controller.ts(5,49): error TS2304: Cannot find name 'CustomerService'.
src/customer/customer.controller.ts(5,71): error TS2552: Cannot find name 'CustomerService'. Did you mean 'customerService'?

Error: ⨯ Unable to compile TypeScript:
src/customer/customer.controller.ts(5,49): error TS2304: Cannot find name 'CustomerService'.
src/customer/customer.controller.ts(5,71): error TS2552: Cannot find name 'CustomerService'. Did you mean 'customerService'?

    at Object.<anonymous> (/home/rabindranath/Documents/Backend/yt-node-api-ts-oop/src/customer/customer.controller.ts:1:7)
    at Module._compile (node:internal/modules/cjs/loader:1105:14)
    at Module._compile (/home/rabindranath/Documents/Backend/yt-node-api-ts-oop/node_modules/source-map-support/source-map-support.js:568:25)
    at Module.m._compile (/tmp/ts-node-dev-hook-19808092455477833.js:69:33)
    at Module._extensions..js (node:internal/modules/cjs/loader:1159:10)
    at require.extensions..jsx.require.extensions..js (/tmp/ts-node-dev-hook-19808092455477833.js:114:20)
    at require.extensions.<computed> (/tmp/ts-node-dev-hook-19808092455477833.js:71:20)
    at Object.nodeDevHook [as .ts] (/home/rabindranath/Documents/Backend/yt-node-api-ts-oop/node_modules/ts-node-dev/lib/hook.js:63:13)
    at Module.load (node:internal/modules/cjs/loader:981:32)
    at Function.Module._load (node:internal/modules/cjs/loader:822:12)
2023-03-23 01:13:21 error: uncaughtException: Cannot read properties of undefined (reading 'customerService')
TypeError: Cannot read properties of undefined (reading 'customerService')
    at getAllCustomers (/home/rabindranath/Documents/Backend/yt-node-api-ts-oop/src/customer/customer.controller.ts:8:34)
    at Layer.handle [as handle_request] (/home/rabindranath/Documents/Backend/yt-node-api-ts-oop/node_modules/express/lib/router/layer.js:95:5)
    at next (/home/rabindranath/Documents/Backend/yt-node-api-ts-oop/node_modules/express/lib/router/route.js:144:13)
    at Route.dispatch (/home/rabindranath/Documents/Backend/yt-node-api-ts-oop/node_modules/express/lib/router/route.js:114:3)
    at Layer.handle [as handle_request] (/home/rabindranath/Documents/Backend/yt-node-api-ts-oop/node_modules/express/lib/router/layer.js:95:5)
    at /home/rabindranath/Documents/Backend/yt-node-api-ts-oop/node_modules/express/lib/router/index.js:284:15
    at Function.process_params (/home/rabindranath/Documents/Backend/yt-node-api-ts-oop/node_modules/express/lib/router/index.js:346:12)
    at next (/home/rabindranath/Documents/Backend/yt-node-api-ts-oop/node_modules/express/lib/router/index.js:280:10)
    at Function.handle (/home/rabindranath/Documents/Backend/yt-node-api-ts-oop/node_modules/express/lib/router/index.js:175:3)
    at router (/home/rabindranath/Documents/Backend/yt-node-api-ts-oop/node_modules/express/lib/router/index.js:47:12)
2023-03-23 01:16:34 error: uncaughtException: Cannot read properties of undefined (reading 'customerService')
TypeError: Cannot read properties of undefined (reading 'customerService')
    at getAllCustomers (/home/rabindranath/Documents/Backend/yt-node-api-ts-oop/src/customer/customer.controller.ts:13:34)
    at Layer.handle [as handle_request] (/home/rabindranath/Documents/Backend/yt-node-api-ts-oop/node_modules/express/lib/router/layer.js:95:5)
    at next (/home/rabindranath/Documents/Backend/yt-node-api-ts-oop/node_modules/express/lib/router/route.js:144:13)
    at Route.dispatch (/home/rabindranath/Documents/Backend/yt-node-api-ts-oop/node_modules/express/lib/router/route.js:114:3)
    at Layer.handle [as handle_request] (/home/rabindranath/Documents/Backend/yt-node-api-ts-oop/node_modules/express/lib/router/layer.js:95:5)
    at /home/rabindranath/Documents/Backend/yt-node-api-ts-oop/node_modules/express/lib/router/index.js:284:15
    at Function.process_params (/home/rabindranath/Documents/Backend/yt-node-api-ts-oop/node_modules/express/lib/router/index.js:346:12)
    at next (/home/rabindranath/Documents/Backend/yt-node-api-ts-oop/node_modules/express/lib/router/index.js:280:10)
    at Function.handle (/home/rabindranath/Documents/Backend/yt-node-api-ts-oop/node_modules/express/lib/router/index.js:175:3)
    at router (/home/rabindranath/Documents/Backend/yt-node-api-ts-oop/node_modules/express/lib/router/index.js:47:12)
2023-03-23 01:16:54 error: uncaughtException: Cannot read properties of undefined (reading 'customerService')
TypeError: Cannot read properties of undefined (reading 'customerService')
    at getAllCustomers (/home/rabindranath/Documents/Backend/yt-node-api-ts-oop/src/customer/customer.controller.ts:14:34)
    at Layer.handle [as handle_request] (/home/rabindranath/Documents/Backend/yt-node-api-ts-oop/node_modules/express/lib/router/layer.js:95:5)
    at next (/home/rabindranath/Documents/Backend/yt-node-api-ts-oop/node_modules/express/lib/router/route.js:144:13)
    at Route.dispatch (/home/rabindranath/Documents/Backend/yt-node-api-ts-oop/node_modules/express/lib/router/route.js:114:3)
    at Layer.handle [as handle_request] (/home/rabindranath/Documents/Backend/yt-node-api-ts-oop/node_modules/express/lib/router/layer.js:95:5)
    at /home/rabindranath/Documents/Backend/yt-node-api-ts-oop/node_modules/express/lib/router/index.js:284:15
    at Function.process_params (/home/rabindranath/Documents/Backend/yt-node-api-ts-oop/node_modules/express/lib/router/index.js:346:12)
    at next (/home/rabindranath/Documents/Backend/yt-node-api-ts-oop/node_modules/express/lib/router/index.js:280:10)
    at Function.handle (/home/rabindranath/Documents/Backend/yt-node-api-ts-oop/node_modules/express/lib/router/index.js:175:3)
    at router (/home/rabindranath/Documents/Backend/yt-node-api-ts-oop/node_modules/express/lib/router/index.js:47:12)
2023-03-23 01:21:58 error: uncaughtException: Cannot read properties of undefined (reading 'customerService')
TypeError: Cannot read properties of undefined (reading 'customerService')
    at getAllCustomers (/home/rabindranath/Documents/Backend/yt-node-api-ts-oop/src/customer/customer.controller.ts:13:34)
    at Layer.handle [as handle_request] (/home/rabindranath/Documents/Backend/yt-node-api-ts-oop/node_modules/express/lib/router/layer.js:95:5)
    at next (/home/rabindranath/Documents/Backend/yt-node-api-ts-oop/node_modules/express/lib/router/route.js:144:13)
    at Route.dispatch (/home/rabindranath/Documents/Backend/yt-node-api-ts-oop/node_modules/express/lib/router/route.js:114:3)
    at Layer.handle [as handle_request] (/home/rabindranath/Documents/Backend/yt-node-api-ts-oop/node_modules/express/lib/router/layer.js:95:5)
    at /home/rabindranath/Documents/Backend/yt-node-api-ts-oop/node_modules/express/lib/router/index.js:284:15
    at Function.process_params (/home/rabindranath/Documents/Backend/yt-node-api-ts-oop/node_modules/express/lib/router/index.js:346:12)
    at next (/home/rabindranath/Documents/Backend/yt-node-api-ts-oop/node_modules/express/lib/router/index.js:280:10)
    at Function.handle (/home/rabindranath/Documents/Backend/yt-node-api-ts-oop/node_modules/express/lib/router/index.js:175:3)
    at router (/home/rabindranath/Documents/Backend/yt-node-api-ts-oop/node_modules/express/lib/router/index.js:47:12)
2023-03-23 01:23:38 error: uncaughtException: Maximum call stack size exceeded
RangeError: Maximum call stack size exceeded
    at CustomerController.<instance_members_initializer> (/home/rabindranath/Documents/Backend/yt-node-api-ts-oop/src/customer/customer.controller.ts:5:31)
    at new CustomerController (/home/rabindranath/Documents/Backend/yt-node-api-ts-oop/src/customer/customer.controller.ts:6:3)
    at CustomerController.<instance_members_initializer> (/home/rabindranath/Documents/Backend/yt-node-api-ts-oop/src/customer/customer.controller.ts:5:31)
    at new CustomerController (/home/rabindranath/Documents/Backend/yt-node-api-ts-oop/src/customer/customer.controller.ts:6:3)
    at CustomerController.<instance_members_initializer> (/home/rabindranath/Documents/Backend/yt-node-api-ts-oop/src/customer/customer.controller.ts:5:31)
    at new CustomerController (/home/rabindranath/Documents/Backend/yt-node-api-ts-oop/src/customer/customer.controller.ts:6:3)
    at CustomerController.<instance_members_initializer> (/home/rabindranath/Documents/Backend/yt-node-api-ts-oop/src/customer/customer.controller.ts:5:31)
    at new CustomerController (/home/rabindranath/Documents/Backend/yt-node-api-ts-oop/src/customer/customer.controller.ts:6:3)
    at CustomerController.<instance_members_initializer> (/home/rabindranath/Documents/Backend/yt-node-api-ts-oop/src/customer/customer.controller.ts:5:31)
    at new CustomerController (/home/rabindranath/Documents/Backend/yt-node-api-ts-oop/src/customer/customer.controller.ts:6:3)
2023-03-23 01:23:45 error: uncaughtException: ⨯ Unable to compile TypeScript:
src/customer/customer.controller.ts(5,10): error TS2687: All declarations of 'customerService' must have identical modifiers.
src/customer/customer.controller.ts(6,32): error TS2300: Duplicate identifier 'customerService'.
src/customer/customer.controller.ts(6,32): error TS2403: Subsequent variable declarations must have the same type.  Variable 'customerService' must be of type 'CustomerController', but here has type 'CustomerService'.
src/customer/customer.controller.ts(6,32): error TS2687: All declarations of 'customerService' must have identical modifiers.
src/customer/customer.controller.ts(8,9): error TS7023: 'getAllCustomers' implicitly has return type 'any' because it does not have a return type annotation and is referenced directly or indirectly in one of its return expressions.
src/customer/customer.controller.ts(9,11): error TS7022: 'customers' implicitly has type 'any' because it does not have a type annotation and is referenced directly or indirectly in its own initializer.
src/customer/customer.controller.ts(9,50): error TS2554: Expected 2 arguments, but got 0.
src/customer/customer.controller.ts(13,9): error TS7023: 'getCustomerById' implicitly has return type 'any' because it does not have a return type annotation and is referenced directly or indirectly in one of its return expressions.
src/customer/customer.controller.ts(15,11): error TS7022: 'customer' implicitly has type 'any' because it does not have a type annotation and is referenced directly or indirectly in its own initializer.
src/customer/customer.controller.ts(15,49): error TS2554: Expected 2 arguments, but got 1.
src/customer/customer.controller.ts(19,9): error TS7023: 'createCustomer' implicitly has return type 'any' because it does not have a return type annotation and is referenced directly or indirectly in one of its return expressions.
src/customer/customer.controller.ts(21,11): error TS7022: 'updCustomer' implicitly has type 'any' because it does not have a type annotation and is referenced directly or indirectly in its own initializer.
src/customer/customer.controller.ts(21,52): error TS2554: Expected 2 arguments, but got 1.
src/customer/customer.controller.ts(25,9): error TS7023: 'updateCustomer' implicitly has return type 'any' because it does not have a return type annotation and is referenced directly or indirectly in one of its return expressions.
src/customer/customer.controller.ts(28,11): error TS7022: 'updCustomer' implicitly has type 'any' because it does not have a type annotation and is referenced directly or indirectly in its own initializer.
src/customer/customer.controller.ts(28,67): error TS2345: Argument of type 'string' is not assignable to parameter of type 'Request<ParamsDictionary, any, any, ParsedQs, Record<string, any>>'.
src/customer/customer.controller.ts(32,9): error TS7023: 'deleteCustomerById' implicitly has return type 'any' because it does not have a return type annotation and is referenced directly or indirectly in one of its return expressions.
src/customer/customer.controller.ts(34,11): error TS7022: 'deletedCustomer' implicitly has type 'any' because it does not have a type annotation and is referenced directly or indirectly in its own initializer.
src/customer/customer.controller.ts(34,56): error TS2554: Expected 2 arguments, but got 1.

Error: ⨯ Unable to compile TypeScript:
src/customer/customer.controller.ts(5,10): error TS2687: All declarations of 'customerService' must have identical modifiers.
src/customer/customer.controller.ts(6,32): error TS2300: Duplicate identifier 'customerService'.
src/customer/customer.controller.ts(6,32): error TS2403: Subsequent variable declarations must have the same type.  Variable 'customerService' must be of type 'CustomerController', but here has type 'CustomerService'.
src/customer/customer.controller.ts(6,32): error TS2687: All declarations of 'customerService' must have identical modifiers.
src/customer/customer.controller.ts(8,9): error TS7023: 'getAllCustomers' implicitly has return type 'any' because it does not have a return type annotation and is referenced directly or indirectly in one of its return expressions.
src/customer/customer.controller.ts(9,11): error TS7022: 'customers' implicitly has type 'any' because it does not have a type annotation and is referenced directly or indirectly in its own initializer.
src/customer/customer.controller.ts(9,50): error TS2554: Expected 2 arguments, but got 0.
src/customer/customer.controller.ts(13,9): error TS7023: 'getCustomerById' implicitly has return type 'any' because it does not have a return type annotation and is referenced directly or indirectly in one of its return expressions.
src/customer/customer.controller.ts(15,11): error TS7022: 'customer' implicitly has type 'any' because it does not have a type annotation and is referenced directly or indirectly in its own initializer.
src/customer/customer.controller.ts(15,49): error TS2554: Expected 2 arguments, but got 1.
src/customer/customer.controller.ts(19,9): error TS7023: 'createCustomer' implicitly has return type 'any' because it does not have a return type annotation and is referenced directly or indirectly in one of its return expressions.
src/customer/customer.controller.ts(21,11): error TS7022: 'updCustomer' implicitly has type 'any' because it does not have a type annotation and is referenced directly or indirectly in its own initializer.
src/customer/customer.controller.ts(21,52): error TS2554: Expected 2 arguments, but got 1.
src/customer/customer.controller.ts(25,9): error TS7023: 'updateCustomer' implicitly has return type 'any' because it does not have a return type annotation and is referenced directly or indirectly in one of its return expressions.
src/customer/customer.controller.ts(28,11): error TS7022: 'updCustomer' implicitly has type 'any' because it does not have a type annotation and is referenced directly or indirectly in its own initializer.
src/customer/customer.controller.ts(28,67): error TS2345: Argument of type 'string' is not assignable to parameter of type 'Request<ParamsDictionary, any, any, ParsedQs, Record<string, any>>'.
src/customer/customer.controller.ts(32,9): error TS7023: 'deleteCustomerById' implicitly has return type 'any' because it does not have a return type annotation and is referenced directly or indirectly in one of its return expressions.
src/customer/customer.controller.ts(34,11): error TS7022: 'deletedCustomer' implicitly has type 'any' because it does not have a type annotation and is referenced directly or indirectly in its own initializer.
src/customer/customer.controller.ts(34,56): error TS2554: Expected 2 arguments, but got 1.

    at Object.<anonymous> (/home/rabindranath/Documents/Backend/yt-node-api-ts-oop/src/customer/customer.controller.ts:1:7)
    at Module._compile (node:internal/modules/cjs/loader:1105:14)
    at Module._compile (/home/rabindranath/Documents/Backend/yt-node-api-ts-oop/node_modules/source-map-support/source-map-support.js:568:25)
    at Module.m._compile (/tmp/ts-node-dev-hook-19808092455477833.js:69:33)
    at Module._extensions..js (node:internal/modules/cjs/loader:1159:10)
    at require.extensions..jsx.require.extensions..js (/tmp/ts-node-dev-hook-19808092455477833.js:114:20)
    at require.extensions.<computed> (/tmp/ts-node-dev-hook-19808092455477833.js:71:20)
    at Object.nodeDevHook [as .ts] (/home/rabindranath/Documents/Backend/yt-node-api-ts-oop/node_modules/ts-node-dev/lib/hook.js:63:13)
    at Module.load (node:internal/modules/cjs/loader:981:32)
    at Function.Module._load (node:internal/modules/cjs/loader:822:12)
2023-03-23 01:23:50 error: uncaughtException: ⨯ Unable to compile TypeScript:
src/customer/customer.controller.ts(5,10): error TS2687: All declarations of 'customerService' must have identical modifiers.
src/customer/customer.controller.ts(6,32): error TS2300: Duplicate identifier 'customerService'.
src/customer/customer.controller.ts(6,32): error TS2687: All declarations of 'customerService' must have identical modifiers.

Error: ⨯ Unable to compile TypeScript:
src/customer/customer.controller.ts(5,10): error TS2687: All declarations of 'customerService' must have identical modifiers.
src/customer/customer.controller.ts(6,32): error TS2300: Duplicate identifier 'customerService'.
src/customer/customer.controller.ts(6,32): error TS2687: All declarations of 'customerService' must have identical modifiers.

    at Object.<anonymous> (/home/rabindranath/Documents/Backend/yt-node-api-ts-oop/src/customer/customer.controller.ts:1:7)
    at Module._compile (node:internal/modules/cjs/loader:1105:14)
    at Module._compile (/home/rabindranath/Documents/Backend/yt-node-api-ts-oop/node_modules/source-map-support/source-map-support.js:568:25)
    at Module.m._compile (/tmp/ts-node-dev-hook-19808092455477833.js:69:33)
    at Module._extensions..js (node:internal/modules/cjs/loader:1159:10)
    at require.extensions..jsx.require.extensions..js (/tmp/ts-node-dev-hook-19808092455477833.js:114:20)
    at require.extensions.<computed> (/tmp/ts-node-dev-hook-19808092455477833.js:71:20)
    at Object.nodeDevHook [as .ts] (/home/rabindranath/Documents/Backend/yt-node-api-ts-oop/node_modules/ts-node-dev/lib/hook.js:63:13)
    at Module.load (node:internal/modules/cjs/loader:981:32)
    at Function.Module._load (node:internal/modules/cjs/loader:822:12)
2023-03-23 01:23:56 error: uncaughtException: Cannot read properties of undefined (reading 'customerService')
TypeError: Cannot read properties of undefined (reading 'customerService')
    at getAllCustomers (/home/rabindranath/Documents/Backend/yt-node-api-ts-oop/src/customer/customer.controller.ts:9:34)
    at Layer.handle [as handle_request] (/home/rabindranath/Documents/Backend/yt-node-api-ts-oop/node_modules/express/lib/router/layer.js:95:5)
    at next (/home/rabindranath/Documents/Backend/yt-node-api-ts-oop/node_modules/express/lib/router/route.js:144:13)
    at Route.dispatch (/home/rabindranath/Documents/Backend/yt-node-api-ts-oop/node_modules/express/lib/router/route.js:114:3)
    at Layer.handle [as handle_request] (/home/rabindranath/Documents/Backend/yt-node-api-ts-oop/node_modules/express/lib/router/layer.js:95:5)
    at /home/rabindranath/Documents/Backend/yt-node-api-ts-oop/node_modules/express/lib/router/index.js:284:15
    at Function.process_params (/home/rabindranath/Documents/Backend/yt-node-api-ts-oop/node_modules/express/lib/router/index.js:346:12)
    at next (/home/rabindranath/Documents/Backend/yt-node-api-ts-oop/node_modules/express/lib/router/index.js:280:10)
    at Function.handle (/home/rabindranath/Documents/Backend/yt-node-api-ts-oop/node_modules/express/lib/router/index.js:175:3)
    at router (/home/rabindranath/Documents/Backend/yt-node-api-ts-oop/node_modules/express/lib/router/index.js:47:12)
2023-03-23 01:24:39 error: uncaughtException: Maximum call stack size exceeded
RangeError: Maximum call stack size exceeded
    at CustomerController.<instance_members_initializer> (/home/rabindranath/Documents/Backend/yt-node-api-ts-oop/src/customer/customer.controller.ts:5:31)
    at new CustomerController (/home/rabindranath/Documents/Backend/yt-node-api-ts-oop/src/customer/customer.controller.ts:6:3)
    at CustomerController.<instance_members_initializer> (/home/rabindranath/Documents/Backend/yt-node-api-ts-oop/src/customer/customer.controller.ts:5:31)
    at new CustomerController (/home/rabindranath/Documents/Backend/yt-node-api-ts-oop/src/customer/customer.controller.ts:6:3)
    at CustomerController.<instance_members_initializer> (/home/rabindranath/Documents/Backend/yt-node-api-ts-oop/src/customer/customer.controller.ts:5:31)
    at new CustomerController (/home/rabindranath/Documents/Backend/yt-node-api-ts-oop/src/customer/customer.controller.ts:6:3)
    at CustomerController.<instance_members_initializer> (/home/rabindranath/Documents/Backend/yt-node-api-ts-oop/src/customer/customer.controller.ts:5:31)
    at new CustomerController (/home/rabindranath/Documents/Backend/yt-node-api-ts-oop/src/customer/customer.controller.ts:6:3)
    at CustomerController.<instance_members_initializer> (/home/rabindranath/Documents/Backend/yt-node-api-ts-oop/src/customer/customer.controller.ts:5:31)
    at new CustomerController (/home/rabindranath/Documents/Backend/yt-node-api-ts-oop/src/customer/customer.controller.ts:6:3)
2023-03-23 01:25:09 error: uncaughtException: Cannot read properties of undefined (reading 'customerService')
TypeError: Cannot read properties of undefined (reading 'customerService')
    at getAllCustomers (/home/rabindranath/Documents/Backend/yt-node-api-ts-oop/src/customer/customer.controller.ts:8:34)
    at Layer.handle [as handle_request] (/home/rabindranath/Documents/Backend/yt-node-api-ts-oop/node_modules/express/lib/router/layer.js:95:5)
    at next (/home/rabindranath/Documents/Backend/yt-node-api-ts-oop/node_modules/express/lib/router/route.js:144:13)
    at Route.dispatch (/home/rabindranath/Documents/Backend/yt-node-api-ts-oop/node_modules/express/lib/router/route.js:114:3)
    at Layer.handle [as handle_request] (/home/rabindranath/Documents/Backend/yt-node-api-ts-oop/node_modules/express/lib/router/layer.js:95:5)
    at /home/rabindranath/Documents/Backend/yt-node-api-ts-oop/node_modules/express/lib/router/index.js:284:15
    at Function.process_params (/home/rabindranath/Documents/Backend/yt-node-api-ts-oop/node_modules/express/lib/router/index.js:346:12)
    at next (/home/rabindranath/Documents/Backend/yt-node-api-ts-oop/node_modules/express/lib/router/index.js:280:10)
    at Function.handle (/home/rabindranath/Documents/Backend/yt-node-api-ts-oop/node_modules/express/lib/router/index.js:175:3)
    at router (/home/rabindranath/Documents/Backend/yt-node-api-ts-oop/node_modules/express/lib/router/index.js:47:12)
2023-03-23 01:26:54 error: uncaughtException: Cannot read properties of undefined (reading 'customerService')
TypeError: Cannot read properties of undefined (reading 'customerService')
    at getAllCustomers (/home/rabindranath/Documents/Backend/yt-node-api-ts-oop/src/customer/customer.controller.ts:9:34)
    at Layer.handle [as handle_request] (/home/rabindranath/Documents/Backend/yt-node-api-ts-oop/node_modules/express/lib/router/layer.js:95:5)
    at next (/home/rabindranath/Documents/Backend/yt-node-api-ts-oop/node_modules/express/lib/router/route.js:144:13)
    at Route.dispatch (/home/rabindranath/Documents/Backend/yt-node-api-ts-oop/node_modules/express/lib/router/route.js:114:3)
    at Layer.handle [as handle_request] (/home/rabindranath/Documents/Backend/yt-node-api-ts-oop/node_modules/express/lib/router/layer.js:95:5)
    at /home/rabindranath/Documents/Backend/yt-node-api-ts-oop/node_modules/express/lib/router/index.js:284:15
    at Function.process_params (/home/rabindranath/Documents/Backend/yt-node-api-ts-oop/node_modules/express/lib/router/index.js:346:12)
    at next (/home/rabindranath/Documents/Backend/yt-node-api-ts-oop/node_modules/express/lib/router/index.js:280:10)
    at Function.handle (/home/rabindranath/Documents/Backend/yt-node-api-ts-oop/node_modules/express/lib/router/index.js:175:3)
    at router (/home/rabindranath/Documents/Backend/yt-node-api-ts-oop/node_modules/express/lib/router/index.js:47:12)
2023-03-23 01:33:25 error: uncaughtException: ⨯ Unable to compile TypeScript:
src/routes/customer.routes.ts(15,37): error TS2769: No overload matches this call.
  The last overload gave the following error.
    Argument of type 'Promise<Response<any, Record<string, any>>>' is not assignable to parameter of type 'Application<Record<string, any>>'.
      Type 'Promise<Response<any, Record<string, any>>>' is missing the following properties from type 'Application<Record<string, any>>': init, defaultConfiguration, engine, set, and 61 more.
src/routes/customer.routes.ts(15,77): error TS2304: Cannot find name 'req'.
src/routes/customer.routes.ts(15,82): error TS2304: Cannot find name 'res'.

Error: ⨯ Unable to compile TypeScript:
src/routes/customer.routes.ts(15,37): error TS2769: No overload matches this call.
  The last overload gave the following error.
    Argument of type 'Promise<Response<any, Record<string, any>>>' is not assignable to parameter of type 'Application<Record<string, any>>'.
      Type 'Promise<Response<any, Record<string, any>>>' is missing the following properties from type 'Application<Record<string, any>>': init, defaultConfiguration, engine, set, and 61 more.
src/routes/customer.routes.ts(15,77): error TS2304: Cannot find name 'req'.
src/routes/customer.routes.ts(15,82): error TS2304: Cannot find name 'res'.

    at Object.<anonymous> (/home/rabindranath/Documents/Backend/yt-node-api-ts-oop/src/routes/customer.routes.ts:1:7)
    at Module._compile (node:internal/modules/cjs/loader:1105:14)
    at Module._compile (/home/rabindranath/Documents/Backend/yt-node-api-ts-oop/node_modules/source-map-support/source-map-support.js:568:25)
    at Module.m._compile (/tmp/ts-node-dev-hook-19808092455477833.js:69:33)
    at Module._extensions..js (node:internal/modules/cjs/loader:1159:10)
    at require.extensions..jsx.require.extensions..js (/tmp/ts-node-dev-hook-19808092455477833.js:114:20)
    at require.extensions.<computed> (/tmp/ts-node-dev-hook-19808092455477833.js:71:20)
    at Object.nodeDevHook [as .ts] (/home/rabindranath/Documents/Backend/yt-node-api-ts-oop/node_modules/ts-node-dev/lib/hook.js:63:13)
    at Module.load (node:internal/modules/cjs/loader:981:32)
    at Function.Module._load (node:internal/modules/cjs/loader:822:12)
2023-03-23 01:35:12 error: uncaughtException: ⨯ Unable to compile TypeScript:
src/routes/customer.routes.ts(15,38): error TS6133: 'req' is declared but its value is never read.
src/routes/customer.routes.ts(15,43): error TS6133: 'res' is declared but its value is never read.

Error: ⨯ Unable to compile TypeScript:
src/routes/customer.routes.ts(15,38): error TS6133: 'req' is declared but its value is never read.
src/routes/customer.routes.ts(15,43): error TS6133: 'res' is declared but its value is never read.

    at Object.<anonymous> (/home/rabindranath/Documents/Backend/yt-node-api-ts-oop/src/routes/customer.routes.ts:1:7)
    at Module._compile (node:internal/modules/cjs/loader:1105:14)
    at Module._compile (/home/rabindranath/Documents/Backend/yt-node-api-ts-oop/node_modules/source-map-support/source-map-support.js:568:25)
    at Module.m._compile (/tmp/ts-node-dev-hook-19808092455477833.js:69:33)
    at Module._extensions..js (node:internal/modules/cjs/loader:1159:10)
    at require.extensions..jsx.require.extensions..js (/tmp/ts-node-dev-hook-19808092455477833.js:114:20)
    at require.extensions.<computed> (/tmp/ts-node-dev-hook-19808092455477833.js:71:20)
    at Object.nodeDevHook [as .ts] (/home/rabindranath/Documents/Backend/yt-node-api-ts-oop/node_modules/ts-node-dev/lib/hook.js:63:13)
    at Module.load (node:internal/modules/cjs/loader:981:32)
    at Function.Module._load (node:internal/modules/cjs/loader:822:12)
2023-03-23 01:35:57 error: uncaughtException: ⨯ Unable to compile TypeScript:
src/routes/customer.routes.ts(17,48): error TS6133: 'req' is declared but its value is never read.
src/routes/customer.routes.ts(17,53): error TS6133: 'res' is declared but its value is never read.

Error: ⨯ Unable to compile TypeScript:
src/routes/customer.routes.ts(17,48): error TS6133: 'req' is declared but its value is never read.
src/routes/customer.routes.ts(17,53): error TS6133: 'res' is declared but its value is never read.

    at Object.<anonymous> (/home/rabindranath/Documents/Backend/yt-node-api-ts-oop/src/routes/customer.routes.ts:1:7)
    at Module._compile (node:internal/modules/cjs/loader:1105:14)
    at Module._compile (/home/rabindranath/Documents/Backend/yt-node-api-ts-oop/node_modules/source-map-support/source-map-support.js:568:25)
    at Module.m._compile (/tmp/ts-node-dev-hook-19808092455477833.js:69:33)
    at Module._extensions..js (node:internal/modules/cjs/loader:1159:10)
    at require.extensions..jsx.require.extensions..js (/tmp/ts-node-dev-hook-19808092455477833.js:114:20)
    at require.extensions.<computed> (/tmp/ts-node-dev-hook-19808092455477833.js:71:20)
    at Object.nodeDevHook [as .ts] (/home/rabindranath/Documents/Backend/yt-node-api-ts-oop/node_modules/ts-node-dev/lib/hook.js:63:13)
    at Module.load (node:internal/modules/cjs/loader:981:32)
    at Function.Module._load (node:internal/modules/cjs/loader:822:12)
2023-03-23 01:36:10 error: uncaughtException: ⨯ Unable to compile TypeScript:
src/routes/customer.routes.ts(19,45): error TS6133: 'req' is declared but its value is never read.
src/routes/customer.routes.ts(19,50): error TS6133: 'res' is declared but its value is never read.

Error: ⨯ Unable to compile TypeScript:
src/routes/customer.routes.ts(19,45): error TS6133: 'req' is declared but its value is never read.
src/routes/customer.routes.ts(19,50): error TS6133: 'res' is declared but its value is never read.

    at Object.<anonymous> (/home/rabindranath/Documents/Backend/yt-node-api-ts-oop/src/routes/customer.routes.ts:1:7)
    at Module._compile (node:internal/modules/cjs/loader:1105:14)
    at Module._compile (/home/rabindranath/Documents/Backend/yt-node-api-ts-oop/node_modules/source-map-support/source-map-support.js:568:25)
    at Module.m._compile (/tmp/ts-node-dev-hook-19808092455477833.js:69:33)
    at Module._extensions..js (node:internal/modules/cjs/loader:1159:10)
    at require.extensions..jsx.require.extensions..js (/tmp/ts-node-dev-hook-19808092455477833.js:114:20)
    at require.extensions.<computed> (/tmp/ts-node-dev-hook-19808092455477833.js:71:20)
    at Object.nodeDevHook [as .ts] (/home/rabindranath/Documents/Backend/yt-node-api-ts-oop/node_modules/ts-node-dev/lib/hook.js:63:13)
    at Module.load (node:internal/modules/cjs/loader:981:32)
    at Function.Module._load (node:internal/modules/cjs/loader:822:12)
2023-03-23 01:36:25 error: uncaughtException: ⨯ Unable to compile TypeScript:
src/routes/customer.routes.ts(21,48): error TS6133: 'req' is declared but its value is never read.
src/routes/customer.routes.ts(21,53): error TS6133: 'res' is declared but its value is never read.

Error: ⨯ Unable to compile TypeScript:
src/routes/customer.routes.ts(21,48): error TS6133: 'req' is declared but its value is never read.
src/routes/customer.routes.ts(21,53): error TS6133: 'res' is declared but its value is never read.

    at Object.<anonymous> (/home/rabindranath/Documents/Backend/yt-node-api-ts-oop/src/routes/customer.routes.ts:1:7)
    at Module._compile (node:internal/modules/cjs/loader:1105:14)
    at Module._compile (/home/rabindranath/Documents/Backend/yt-node-api-ts-oop/node_modules/source-map-support/source-map-support.js:568:25)
    at Module.m._compile (/tmp/ts-node-dev-hook-19808092455477833.js:69:33)
    at Module._extensions..js (node:internal/modules/cjs/loader:1159:10)
    at require.extensions..jsx.require.extensions..js (/tmp/ts-node-dev-hook-19808092455477833.js:114:20)
    at require.extensions.<computed> (/tmp/ts-node-dev-hook-19808092455477833.js:71:20)
    at Object.nodeDevHook [as .ts] (/home/rabindranath/Documents/Backend/yt-node-api-ts-oop/node_modules/ts-node-dev/lib/hook.js:63:13)
    at Module.load (node:internal/modules/cjs/loader:981:32)
    at Function.Module._load (node:internal/modules/cjs/loader:822:12)
2023-03-23 01:36:34 error: uncaughtException: ⨯ Unable to compile TypeScript:
src/routes/customer.routes.ts(23,44): error TS2304: Cannot find name 'async'.
src/routes/customer.routes.ts(23,50): error TS1005: ',' expected.

Error: ⨯ Unable to compile TypeScript:
src/routes/customer.routes.ts(23,44): error TS2304: Cannot find name 'async'.
src/routes/customer.routes.ts(23,50): error TS1005: ',' expected.

    at Object.<anonymous> (/home/rabindranath/Documents/Backend/yt-node-api-ts-oop/src/routes/customer.routes.ts:1:7)
    at Module._compile (node:internal/modules/cjs/loader:1105:14)
    at Module._compile (/home/rabindranath/Documents/Backend/yt-node-api-ts-oop/node_modules/source-map-support/source-map-support.js:568:25)
    at Module.m._compile (/tmp/ts-node-dev-hook-19808092455477833.js:69:33)
    at Module._extensions..js (node:internal/modules/cjs/loader:1159:10)
    at require.extensions..jsx.require.extensions..js (/tmp/ts-node-dev-hook-19808092455477833.js:114:20)
    at require.extensions.<computed> (/tmp/ts-node-dev-hook-19808092455477833.js:71:20)
    at Object.nodeDevHook [as .ts] (/home/rabindranath/Documents/Backend/yt-node-api-ts-oop/node_modules/ts-node-dev/lib/hook.js:63:13)
    at Module.load (node:internal/modules/cjs/loader:981:32)
    at Function.Module._load (node:internal/modules/cjs/loader:822:12)
2023-03-23 01:37:55 error: uncaughtException: ⨯ Unable to compile TypeScript:
src/routes/user.routes.ts(18,38): error TS6133: 'req' is declared but its value is never read.
src/routes/user.routes.ts(18,43): error TS6133: 'res' is declared but its value is never read.

Error: ⨯ Unable to compile TypeScript:
src/routes/user.routes.ts(18,38): error TS6133: 'req' is declared but its value is never read.
src/routes/user.routes.ts(18,43): error TS6133: 'res' is declared but its value is never read.

    at Object.<anonymous> (/home/rabindranath/Documents/Backend/yt-node-api-ts-oop/src/routes/user.routes.ts:1:7)
    at Module._compile (node:internal/modules/cjs/loader:1105:14)
    at Module._compile (/home/rabindranath/Documents/Backend/yt-node-api-ts-oop/node_modules/source-map-support/source-map-support.js:568:25)
    at Module.m._compile (/tmp/ts-node-dev-hook-19808092455477833.js:69:33)
    at Module._extensions..js (node:internal/modules/cjs/loader:1159:10)
    at require.extensions..jsx.require.extensions..js (/tmp/ts-node-dev-hook-19808092455477833.js:114:20)
    at require.extensions.<computed> (/tmp/ts-node-dev-hook-19808092455477833.js:71:20)
    at Object.nodeDevHook [as .ts] (/home/rabindranath/Documents/Backend/yt-node-api-ts-oop/node_modules/ts-node-dev/lib/hook.js:63:13)
    at Module.load (node:internal/modules/cjs/loader:981:32)
    at Function.Module._load (node:internal/modules/cjs/loader:822:12)
2023-03-23 01:37:59 error: uncaughtException: ⨯ Unable to compile TypeScript:
src/routes/user.routes.ts(18,43): error TS6133: 'req' is declared but its value is never read.
src/routes/user.routes.ts(18,48): error TS6133: 'res' is declared but its value is never read.

Error: ⨯ Unable to compile TypeScript:
src/routes/user.routes.ts(18,43): error TS6133: 'req' is declared but its value is never read.
src/routes/user.routes.ts(18,48): error TS6133: 'res' is declared but its value is never read.

    at Object.<anonymous> (/home/rabindranath/Documents/Backend/yt-node-api-ts-oop/src/routes/user.routes.ts:1:7)
    at Module._compile (node:internal/modules/cjs/loader:1105:14)
    at Module._compile (/home/rabindranath/Documents/Backend/yt-node-api-ts-oop/node_modules/source-map-support/source-map-support.js:568:25)
    at Module.m._compile (/tmp/ts-node-dev-hook-19808092455477833.js:69:33)
    at Module._extensions..js (node:internal/modules/cjs/loader:1159:10)
    at require.extensions..jsx.require.extensions..js (/tmp/ts-node-dev-hook-19808092455477833.js:114:20)
    at require.extensions.<computed> (/tmp/ts-node-dev-hook-19808092455477833.js:71:20)
    at Object.nodeDevHook [as .ts] (/home/rabindranath/Documents/Backend/yt-node-api-ts-oop/node_modules/ts-node-dev/lib/hook.js:63:13)
    at Module.load (node:internal/modules/cjs/loader:981:32)
    at Function.Module._load (node:internal/modules/cjs/loader:822:12)
2023-03-23 01:38:10 error: uncaughtException: ⨯ Unable to compile TypeScript:
src/routes/user.routes.ts(18,43): error TS6133: 'req' is declared but its value is never read.
src/routes/user.routes.ts(18,48): error TS6133: 'res' is declared but its value is never read.
src/routes/user.routes.ts(20,41): error TS2304: Cannot find name 'async'.
src/routes/user.routes.ts(20,47): error TS2304: Cannot find name 'req'.
src/routes/user.routes.ts(20,52): error TS2304: Cannot find name 'res'.
src/routes/user.routes.ts(20,57): error TS1005: ',' expected.

Error: ⨯ Unable to compile TypeScript:
src/routes/user.routes.ts(18,43): error TS6133: 'req' is declared but its value is never read.
src/routes/user.routes.ts(18,48): error TS6133: 'res' is declared but its value is never read.
src/routes/user.routes.ts(20,41): error TS2304: Cannot find name 'async'.
src/routes/user.routes.ts(20,47): error TS2304: Cannot find name 'req'.
src/routes/user.routes.ts(20,52): error TS2304: Cannot find name 'res'.
src/routes/user.routes.ts(20,57): error TS1005: ',' expected.

    at Object.<anonymous> (/home/rabindranath/Documents/Backend/yt-node-api-ts-oop/src/routes/user.routes.ts:1:7)
    at Module._compile (node:internal/modules/cjs/loader:1105:14)
    at Module._compile (/home/rabindranath/Documents/Backend/yt-node-api-ts-oop/node_modules/source-map-support/source-map-support.js:568:25)
    at Module.m._compile (/tmp/ts-node-dev-hook-19808092455477833.js:69:33)
    at Module._extensions..js (node:internal/modules/cjs/loader:1159:10)
    at require.extensions..jsx.require.extensions..js (/tmp/ts-node-dev-hook-19808092455477833.js:114:20)
    at require.extensions.<computed> (/tmp/ts-node-dev-hook-19808092455477833.js:71:20)
    at Object.nodeDevHook [as .ts] (/home/rabindranath/Documents/Backend/yt-node-api-ts-oop/node_modules/ts-node-dev/lib/hook.js:63:13)
    at Module.load (node:internal/modules/cjs/loader:981:32)
    at Function.Module._load (node:internal/modules/cjs/loader:822:12)
2023-03-23 01:38:18 error: uncaughtException: ⨯ Unable to compile TypeScript:
src/routes/user.routes.ts(18,43): error TS6133: 'req' is declared but its value is never read.
src/routes/user.routes.ts(18,48): error TS6133: 'res' is declared but its value is never read.
src/routes/user.routes.ts(20,47): error TS6133: 'req' is declared but its value is never read.
src/routes/user.routes.ts(20,52): error TS6133: 'res' is declared but its value is never read.
src/routes/user.routes.ts(22,45): error TS6133: 'req' is declared but its value is never read.
src/routes/user.routes.ts(22,50): error TS6133: 'res' is declared but its value is never read.

Error: ⨯ Unable to compile TypeScript:
src/routes/user.routes.ts(18,43): error TS6133: 'req' is declared but its value is never read.
src/routes/user.routes.ts(18,48): error TS6133: 'res' is declared but its value is never read.
src/routes/user.routes.ts(20,47): error TS6133: 'req' is declared but its value is never read.
src/routes/user.routes.ts(20,52): error TS6133: 'res' is declared but its value is never read.
src/routes/user.routes.ts(22,45): error TS6133: 'req' is declared but its value is never read.
src/routes/user.routes.ts(22,50): error TS6133: 'res' is declared but its value is never read.

    at Object.<anonymous> (/home/rabindranath/Documents/Backend/yt-node-api-ts-oop/src/routes/user.routes.ts:1:7)
    at Module._compile (node:internal/modules/cjs/loader:1105:14)
    at Module._compile (/home/rabindranath/Documents/Backend/yt-node-api-ts-oop/node_modules/source-map-support/source-map-support.js:568:25)
    at Module.m._compile (/tmp/ts-node-dev-hook-19808092455477833.js:69:33)
    at Module._extensions..js (node:internal/modules/cjs/loader:1159:10)
    at require.extensions..jsx.require.extensions..js (/tmp/ts-node-dev-hook-19808092455477833.js:114:20)
    at require.extensions.<computed> (/tmp/ts-node-dev-hook-19808092455477833.js:71:20)
    at Object.nodeDevHook [as .ts] (/home/rabindranath/Documents/Backend/yt-node-api-ts-oop/node_modules/ts-node-dev/lib/hook.js:63:13)
    at Module.load (node:internal/modules/cjs/loader:981:32)
    at Function.Module._load (node:internal/modules/cjs/loader:822:12)
2023-03-23 01:38:26 error: uncaughtException: ⨯ Unable to compile TypeScript:
src/routes/user.routes.ts(18,43): error TS6133: 'req' is declared but its value is never read.
src/routes/user.routes.ts(18,48): error TS6133: 'res' is declared but its value is never read.
src/routes/user.routes.ts(20,47): error TS6133: 'req' is declared but its value is never read.
src/routes/user.routes.ts(20,52): error TS6133: 'res' is declared but its value is never read.
src/routes/user.routes.ts(22,45): error TS6133: 'req' is declared but its value is never read.
src/routes/user.routes.ts(22,50): error TS6133: 'res' is declared but its value is never read.
src/routes/user.routes.ts(24,48): error TS6133: 'req' is declared but its value is never read.
src/routes/user.routes.ts(24,53): error TS6133: 'res' is declared but its value is never read.
src/routes/user.routes.ts(26,51): error TS6133: 'req' is declared but its value is never read.
src/routes/user.routes.ts(26,56): error TS6133: 'res' is declared but its value is never read.

Error: ⨯ Unable to compile TypeScript:
src/routes/user.routes.ts(18,43): error TS6133: 'req' is declared but its value is never read.
src/routes/user.routes.ts(18,48): error TS6133: 'res' is declared but its value is never read.
src/routes/user.routes.ts(20,47): error TS6133: 'req' is declared but its value is never read.
src/routes/user.routes.ts(20,52): error TS6133: 'res' is declared but its value is never read.
src/routes/user.routes.ts(22,45): error TS6133: 'req' is declared but its value is never read.
src/routes/user.routes.ts(22,50): error TS6133: 'res' is declared but its value is never read.
src/routes/user.routes.ts(24,48): error TS6133: 'req' is declared but its value is never read.
src/routes/user.routes.ts(24,53): error TS6133: 'res' is declared but its value is never read.
src/routes/user.routes.ts(26,51): error TS6133: 'req' is declared but its value is never read.
src/routes/user.routes.ts(26,56): error TS6133: 'res' is declared but its value is never read.

    at Object.<anonymous> (/home/rabindranath/Documents/Backend/yt-node-api-ts-oop/src/routes/user.routes.ts:1:7)
    at Module._compile (node:internal/modules/cjs/loader:1105:14)
    at Module._compile (/home/rabindranath/Documents/Backend/yt-node-api-ts-oop/node_modules/source-map-support/source-map-support.js:568:25)
    at Module.m._compile (/tmp/ts-node-dev-hook-19808092455477833.js:69:33)
    at Module._extensions..js (node:internal/modules/cjs/loader:1159:10)
    at require.extensions..jsx.require.extensions..js (/tmp/ts-node-dev-hook-19808092455477833.js:114:20)
    at require.extensions.<computed> (/tmp/ts-node-dev-hook-19808092455477833.js:71:20)
    at Object.nodeDevHook [as .ts] (/home/rabindranath/Documents/Backend/yt-node-api-ts-oop/node_modules/ts-node-dev/lib/hook.js:63:13)
    at Module.load (node:internal/modules/cjs/loader:981:32)
    at Function.Module._load (node:internal/modules/cjs/loader:822:12)
2023-03-23 01:40:15 error: uncaughtException: ⨯ Unable to compile TypeScript:
src/routes/customer.routes.ts(15,42): error TS1003: Identifier expected.

Error: ⨯ Unable to compile TypeScript:
src/routes/customer.routes.ts(15,42): error TS1003: Identifier expected.

    at Object.<anonymous> (/home/rabindranath/Documents/Backend/yt-node-api-ts-oop/src/routes/customer.routes.ts:1:7)
    at Module._compile (node:internal/modules/cjs/loader:1105:14)
    at Module._compile (/home/rabindranath/Documents/Backend/yt-node-api-ts-oop/node_modules/source-map-support/source-map-support.js:568:25)
    at Module.m._compile (/tmp/ts-node-dev-hook-24821361081984827.js:69:33)
    at Module._extensions..js (node:internal/modules/cjs/loader:1159:10)
    at require.extensions..jsx.require.extensions..js (/tmp/ts-node-dev-hook-24821361081984827.js:114:20)
    at require.extensions.<computed> (/tmp/ts-node-dev-hook-24821361081984827.js:71:20)
    at Object.nodeDevHook [as .ts] (/home/rabindranath/Documents/Backend/yt-node-api-ts-oop/node_modules/ts-node-dev/lib/hook.js:63:13)
    at Module.load (node:internal/modules/cjs/loader:981:32)
    at Function.Module._load (node:internal/modules/cjs/loader:822:12)
2023-03-23 01:40:26 error: uncaughtException: Cannot read properties of undefined (reading 'customerService')
TypeError: Cannot read properties of undefined (reading 'customerService')
    at getAllCustomers (/home/rabindranath/Documents/Backend/yt-node-api-ts-oop/src/customer/customer.controller.ts:9:34)
    at Layer.handle [as handle_request] (/home/rabindranath/Documents/Backend/yt-node-api-ts-oop/node_modules/express/lib/router/layer.js:95:5)
    at next (/home/rabindranath/Documents/Backend/yt-node-api-ts-oop/node_modules/express/lib/router/route.js:144:13)
    at Route.dispatch (/home/rabindranath/Documents/Backend/yt-node-api-ts-oop/node_modules/express/lib/router/route.js:114:3)
    at Layer.handle [as handle_request] (/home/rabindranath/Documents/Backend/yt-node-api-ts-oop/node_modules/express/lib/router/layer.js:95:5)
    at /home/rabindranath/Documents/Backend/yt-node-api-ts-oop/node_modules/express/lib/router/index.js:284:15
    at Function.process_params (/home/rabindranath/Documents/Backend/yt-node-api-ts-oop/node_modules/express/lib/router/index.js:346:12)
    at next (/home/rabindranath/Documents/Backend/yt-node-api-ts-oop/node_modules/express/lib/router/index.js:280:10)
    at Function.handle (/home/rabindranath/Documents/Backend/yt-node-api-ts-oop/node_modules/express/lib/router/index.js:175:3)
    at router (/home/rabindranath/Documents/Backend/yt-node-api-ts-oop/node_modules/express/lib/router/index.js:47:12)
2023-03-23 01:44:53 error: uncaughtException: write EPIPE
Error: write EPIPE
    at process.target._send (node:internal/child_process:866:20)
    at process.target.send (node:internal/child_process:739:19)
    at compile (/tmp/ts-node-dev-hook-24821361081984827.js:46:21)
    at Module.m._compile (/tmp/ts-node-dev-hook-24821361081984827.js:69:44)
    at Module._extensions..js (node:internal/modules/cjs/loader:1159:10)
    at require.extensions..jsx.require.extensions..js (/tmp/ts-node-dev-hook-24821361081984827.js:114:20)
    at require.extensions.<computed> (/tmp/ts-node-dev-hook-24821361081984827.js:71:20)
    at Object.nodeDevHook [as .ts] (/home/rabindranath/Documents/Backend/yt-node-api-ts-oop/node_modules/ts-node-dev/lib/hook.js:63:13)
    at Module.load (node:internal/modules/cjs/loader:981:32)
    at Function.Module._load (node:internal/modules/cjs/loader:822:12)
